#-----------------------------------------------------------
# Vivado v2023.1 (64-bit)
# SW Build 3865809 on Sun May  7 15:05:29 MDT 2023
# IP Build 3864474 on Sun May  7 20:36:21 MDT 2023
# SharedData Build 3865790 on Sun May 07 13:33:03 MDT 2023
# Start of session at: Sat Apr 11 16:35:34 2026
# Process ID: 40460
# Current directory: C:/Users/djdan/OneDrive/Documents/CSUN/520a/Matrix/Matrix_dc
# Command line: vivado.exe -gui_launcher_event rodinguilauncherevent50716 C:\Users\djdan\OneDrive\Documents\CSUN\520a\Matrix\Matrix_dc\Matrix_dc.xpr
# Log file: C:/Users/djdan/OneDrive/Documents/CSUN/520a/Matrix/Matrix_dc/vivado.log
# Journal file: C:/Users/djdan/OneDrive/Documents/CSUN/520a/Matrix/Matrix_dc\vivado.jou
# Running On: GaymingLaptop, OS: Windows, CPU Frequency: 3294 MHz, CPU Physical cores: 16, Host memory: 24943 MB
#-----------------------------------------------------------
start_gui
open_project C:/Users/djdan/OneDrive/Documents/CSUN/520a/Matrix/Matrix_dc/Matrix_dc.xpr
WARNING: [Board 49-26] cannot add Board Part xilinx.com:vck190:part0:2.2 available at C:/Xilinx/Vivado/2023.1/data/xhub/boards/XilinxBoardStore/boards/Xilinx/vck190/production/2.2/board.xml as part xcvc1902-vsva2197-2mp-e-s specified in board_part file is either invalid or not available
WARNING: [Board 49-26] cannot add Board Part xilinx.com:vck190:part0:3.0 available at C:/Xilinx/Vivado/2023.1/data/xhub/boards/XilinxBoardStore/boards/Xilinx/vck190/production/3.0/board.xml as part xcvc1902-vsva2197-2mp-e-s specified in board_part file is either invalid or not available
WARNING: [Board 49-26] cannot add Board Part xilinx.com:vck190:part0:3.1 available at C:/Xilinx/Vivado/2023.1/data/xhub/boards/XilinxBoardStore/boards/Xilinx/vck190/production/3.1/board.xml as part xcvc1902-vsva2197-2mp-e-s specified in board_part file is either invalid or not available
WARNING: [Board 49-26] cannot add Board Part xilinx.com:vck190:part0:3.2 available at C:/Xilinx/Vivado/2023.1/data/xhub/boards/XilinxBoardStore/boards/Xilinx/vck190/production/3.2/board.xml as part xcvc1902-vsva2197-2mp-e-s specified in board_part file is either invalid or not available
WARNING: [Board 49-26] cannot add Board Part xilinx.com:vck190_newl:part0:1.0 available at C:/Xilinx/Vivado/2023.1/data/xhub/boards/XilinxBoardStore/boards/Xilinx/vck190_newl/production/1.0/board.xml as part xcvc1902-vsva2197-2mp-e-s specified in board_part file is either invalid or not available
WARNING: [Board 49-26] cannot add Board Part xilinx.com:vck190_newl:part0:1.1 available at C:/Xilinx/Vivado/2023.1/data/xhub/boards/XilinxBoardStore/boards/Xilinx/vck190_newl/production/1.1/board.xml as part xcvc1902-vsva2197-2mp-e-s specified in board_part file is either invalid or not available
WARNING: [Board 49-26] cannot add Board Part xilinx.com:vek280_es:part0:1.0 available at C:/Xilinx/Vivado/2023.1/data/xhub/boards/XilinxBoardStore/boards/Xilinx/vek280/es/rev_a/1.0/board.xml as part xcve2802-vsvh1760-2lp-e-s-es1 specified in board_part file is either invalid or not available
WARNING: [Board 49-26] cannot add Board Part xilinx.com:vek280_es:part0:1.1 available at C:/Xilinx/Vivado/2023.1/data/xhub/boards/XilinxBoardStore/boards/Xilinx/vek280/es/rev_a/1.1/board.xml as part xcve2802-vsvh1760-2lp-e-s-es1 specified in board_part file is either invalid or not available
WARNING: [Board 49-26] cannot add Board Part xilinx.com:vek280_es_revb:part0:1.0 available at C:/Xilinx/Vivado/2023.1/data/xhub/boards/XilinxBoardStore/boards/Xilinx/vek280/es/rev_b/1.0/board.xml as part xcve2802-vsvh1760-2mp-e-s-es1 specified in board_part file is either invalid or not available
WARNING: [Board 49-26] cannot add Board Part xilinx.com:vek280_es_revb:part0:1.1 available at C:/Xilinx/Vivado/2023.1/data/xhub/boards/XilinxBoardStore/boards/Xilinx/vek280/es/rev_b/1.1/board.xml as part xcve2802-vsvh1760-2mp-e-s-es1 specified in board_part file is either invalid or not available
WARNING: [Board 49-26] cannot add Board Part xilinx.com:vhk158:part0:1.0 available at C:/Xilinx/Vivado/2023.1/data/xhub/boards/XilinxBoardStore/boards/Xilinx/vhk158/production/1.0/board.xml as part xcvh1582-vsva3697-2mp-e-s specified in board_part file is either invalid or not available
WARNING: [Board 49-26] cannot add Board Part xilinx.com:vhk158_es:part0:1.0 available at C:/Xilinx/Vivado/2023.1/data/xhub/boards/XilinxBoardStore/boards/Xilinx/vhk158/es/1.0/board.xml as part xcvh1582-vsva3697-2mp-e-s-es1 specified in board_part file is either invalid or not available
WARNING: [Board 49-26] cannot add Board Part xilinx.com:vhk158_es:part0:1.1 available at C:/Xilinx/Vivado/2023.1/data/xhub/boards/XilinxBoardStore/boards/Xilinx/vhk158/es/1.1/board.xml as part xcvh1582-vsva3697-2mp-e-s-es1 specified in board_part file is either invalid or not available
WARNING: [Board 49-26] cannot add Board Part xilinx.com:vmk180:part0:2.2 available at C:/Xilinx/Vivado/2023.1/data/xhub/boards/XilinxBoardStore/boards/Xilinx/vmk180/production/2.2/board.xml as part xcvm1802-vsva2197-2mp-e-s specified in board_part file is either invalid or not available
WARNING: [Board 49-26] cannot add Board Part xilinx.com:vmk180:part0:3.0 available at C:/Xilinx/Vivado/2023.1/data/xhub/boards/XilinxBoardStore/boards/Xilinx/vmk180/production/3.0/board.xml as part xcvm1802-vsva2197-2mp-e-s specified in board_part file is either invalid or not available
WARNING: [Board 49-26] cannot add Board Part xilinx.com:vmk180:part0:3.1 available at C:/Xilinx/Vivado/2023.1/data/xhub/boards/XilinxBoardStore/boards/Xilinx/vmk180/production/3.1/board.xml as part xcvm1802-vsva2197-2mp-e-s specified in board_part file is either invalid or not available
WARNING: [Board 49-26] cannot add Board Part xilinx.com:vmk180:part0:3.2 available at C:/Xilinx/Vivado/2023.1/data/xhub/boards/XilinxBoardStore/boards/Xilinx/vmk180/production/3.2/board.xml as part xcvm1802-vsva2197-2mp-e-s specified in board_part file is either invalid or not available
WARNING: [Board 49-26] cannot add Board Part xilinx.com:vmk180_newl:part0:1.0 available at C:/Xilinx/Vivado/2023.1/data/xhub/boards/XilinxBoardStore/boards/Xilinx/vmk180_newl/production/1.0/board.xml as part xcvm1802-vsva2197-2mp-e-s specified in board_part file is either invalid or not available
WARNING: [Board 49-26] cannot add Board Part xilinx.com:vmk180_newl:part0:1.1 available at C:/Xilinx/Vivado/2023.1/data/xhub/boards/XilinxBoardStore/boards/Xilinx/vmk180_newl/production/1.1/board.xml as part xcvm1802-vsva2197-2mp-e-s specified in board_part file is either invalid or not available
WARNING: [Board 49-26] cannot add Board Part xilinx.com:vpk120:part0:1.0 available at C:/Xilinx/Vivado/2023.1/data/xhub/boards/XilinxBoardStore/boards/Xilinx/vpk120/production/1.0/board.xml as part xcvp1202-vsva2785-2mp-e-s specified in board_part file is either invalid or not available
WARNING: [Board 49-26] cannot add Board Part xilinx.com:vpk120:part0:1.1 available at C:/Xilinx/Vivado/2023.1/data/xhub/boards/XilinxBoardStore/boards/Xilinx/vpk120/production/1.1/board.xml as part xcvp1202-vsva2785-2mp-e-s specified in board_part file is either invalid or not available
WARNING: [Board 49-26] cannot add Board Part xilinx.com:vpk120_es:part0:1.2 available at C:/Xilinx/Vivado/2023.1/data/xhub/boards/XilinxBoardStore/boards/Xilinx/vpk120/es/1.2/board.xml as part xcvp1202-vsva2785-2mp-e-s-es1 specified in board_part file is either invalid or not available
WARNING: [Board 49-26] cannot add Board Part xilinx.com:vpk120_es:part0:1.3 available at C:/Xilinx/Vivado/2023.1/data/xhub/boards/XilinxBoardStore/boards/Xilinx/vpk120/es/1.3/board.xml as part xcvp1202-vsva2785-2mp-e-s-es1 specified in board_part file is either invalid or not available
WARNING: [Board 49-26] cannot add Board Part xilinx.com:vpk120_es_revb:part0:1.0 available at C:/Xilinx/Vivado/2023.1/data/xhub/boards/XilinxBoardStore/boards/Xilinx/vpk120_revb/es/1.0/board.xml as part xcvp1202-vsva2785-2mp-e-s-es1 specified in board_part file is either invalid or not available
WARNING: [Board 49-26] cannot add Board Part xilinx.com:vpk120_es_revb:part0:1.1 available at C:/Xilinx/Vivado/2023.1/data/xhub/boards/XilinxBoardStore/boards/Xilinx/vpk120_revb/es/1.1/board.xml as part xcvp1202-vsva2785-2mp-e-s-es1 specified in board_part file is either invalid or not available
WARNING: [Board 49-26] cannot add Board Part xilinx.com:vpk180:part0:1.0 available at C:/Xilinx/Vivado/2023.1/data/xhub/boards/XilinxBoardStore/boards/Xilinx/vpk180/production/1.0/board.xml as part xcvp1802-lsvc4072-2mp-e-s specified in board_part file is either invalid or not available
WARNING: [Board 49-26] cannot add Board Part xilinx.com:vpk180:part0:1.1 available at C:/Xilinx/Vivado/2023.1/data/xhub/boards/XilinxBoardStore/boards/Xilinx/vpk180/production/1.1/board.xml as part xcvp1802-lsvc4072-2mp-e-s specified in board_part file is either invalid or not available
WARNING: [Board 49-26] cannot add Board Part xilinx.com:vpk180_es:part0:1.0 available at C:/Xilinx/Vivado/2023.1/data/xhub/boards/XilinxBoardStore/boards/Xilinx/vpk180/es/1.0/board.xml as part xcvp1802-lsvc4072-2mp-e-s-es1 specified in board_part file is either invalid or not available
WARNING: [Board 49-26] cannot add Board Part xilinx.com:vpk180_es:part0:1.1 available at C:/Xilinx/Vivado/2023.1/data/xhub/boards/XilinxBoardStore/boards/Xilinx/vpk180/es/1.1/board.xml as part xcvp1802-lsvc4072-2mp-e-s-es1 specified in board_part file is either invalid or not available
WARNING: [Board 49-26] cannot add Board Part xilinx.com:zcu208ld:part0:2.0 available at C:/Xilinx/Vivado/2023.1/data/xhub/boards/XilinxBoardStore/boards/Xilinx/zcu208ld/production/2.0/board.xml as part xczu58dr-fsvg1517-2-i specified in board_part file is either invalid or not available
WARNING: [Board 49-26] cannot add Board Part xilinx.com:zcu216ld:part0:2.0 available at C:/Xilinx/Vivado/2023.1/data/xhub/boards/XilinxBoardStore/boards/Xilinx/zcu216ld/production/2.0/board.xml as part xczu59dr-ffvf1760-2-i specified in board_part file is either invalid or not available
WARNING: [Board 49-26] cannot add Board Part xilinx.com:zcu670:part0:2.0 available at C:/Xilinx/Vivado/2023.1/data/xhub/boards/XilinxBoardStore/boards/Xilinx/zcu670/2.0/board.xml as part xczu67dr-fsve1156-2-i specified in board_part file is either invalid or not available
WARNING: [Board 49-26] cannot add Board Part xilinx.com:zcu670ld:part0:1.0 available at C:/Xilinx/Vivado/2023.1/data/xhub/boards/XilinxBoardStore/boards/Xilinx/zcu670ld/1.0/board.xml as part xczu57dr-fsve1156-2-i specified in board_part file is either invalid or not available
Scanning sources...
Finished scanning sources
INFO: [IP_Flow 19-234] Refreshing IP repositories
INFO: [IP_Flow 19-1700] Loaded user IP repository 'c:/Users/djdan/OneDrive/Documents/CSUN/520a/Matrix/matrix_ip_clean'.
INFO: [IP_Flow 19-2313] Loaded Vivado IP repository 'C:/Xilinx/Vivado/2023.1/data/ip'.
open_project: Time (s): cpu = 00:00:48 ; elapsed = 00:00:32 . Memory (MB): peak = 1688.332 ; gain = 522.836
update_compile_order -fileset sources_1
create_ip_run [get_files -of_objects [get_fileset sources_1] C:/Users/djdan/OneDrive/Documents/CSUN/520a/Matrix/Matrix_dc/Matrix_dc.srcs/sources_1/bd/design_1/design_1.bd]
synth_design -rtl -rtl_skip_mlo -name rtl_1
Command: synth_design -rtl -rtl_skip_mlo -name rtl_1
Starting synth_design
Using part: xc7z010clg400-1
Top: design_1_wrapper
INFO: [Device 21-403] Loading part xc7z010clg400-1
---------------------------------------------------------------------------------
Starting RTL Elaboration : Time (s): cpu = 00:00:04 ; elapsed = 00:00:04 . Memory (MB): peak = 2457.863 ; gain = 412.512
---------------------------------------------------------------------------------
INFO: [Synth 8-6157] synthesizing module 'design_1_wrapper' [C:/Users/djdan/OneDrive/Documents/CSUN/520a/Matrix/Matrix_dc/Matrix_dc.gen/sources_1/bd/design_1/hdl/design_1_wrapper.v:13]
INFO: [Synth 8-6157] synthesizing module 'design_1' [c:/Users/djdan/OneDrive/Documents/CSUN/520a/Matrix/Matrix_dc/Matrix_dc.gen/sources_1/bd/design_1/synth/design_1.v:13]
INFO: [Synth 8-6157] synthesizing module 'design_1_axi_bram_ctrl_0_0' [C:/Users/djdan/OneDrive/Documents/CSUN/520a/Matrix/Matrix_dc/.Xil/Vivado-40460-GaymingLaptop/realtime/design_1_axi_bram_ctrl_0_0_stub.v:6]
INFO: [Synth 8-6155] done synthesizing module 'design_1_axi_bram_ctrl_0_0' (0#1) [C:/Users/djdan/OneDrive/Documents/CSUN/520a/Matrix/Matrix_dc/.Xil/Vivado-40460-GaymingLaptop/realtime/design_1_axi_bram_ctrl_0_0_stub.v:6]
INFO: [Synth 8-6157] synthesizing module 'design_1_axi_bram_ctrl_0_1' [C:/Users/djdan/OneDrive/Documents/CSUN/520a/Matrix/Matrix_dc/.Xil/Vivado-40460-GaymingLaptop/realtime/design_1_axi_bram_ctrl_0_1_stub.v:6]
INFO: [Synth 8-6155] done synthesizing module 'design_1_axi_bram_ctrl_0_1' (0#1) [C:/Users/djdan/OneDrive/Documents/CSUN/520a/Matrix/Matrix_dc/.Xil/Vivado-40460-GaymingLaptop/realtime/design_1_axi_bram_ctrl_0_1_stub.v:6]
INFO: [Synth 8-6157] synthesizing module 'design_1_axi_bram_ctrl_0_2' [C:/Users/djdan/OneDrive/Documents/CSUN/520a/Matrix/Matrix_dc/.Xil/Vivado-40460-GaymingLaptop/realtime/design_1_axi_bram_ctrl_0_2_stub.v:6]
INFO: [Synth 8-6155] done synthesizing module 'design_1_axi_bram_ctrl_0_2' (0#1) [C:/Users/djdan/OneDrive/Documents/CSUN/520a/Matrix/Matrix_dc/.Xil/Vivado-40460-GaymingLaptop/realtime/design_1_axi_bram_ctrl_0_2_stub.v:6]
INFO: [Synth 8-6157] synthesizing module 'design_1_blk_mem_gen_0_0' [C:/Users/djdan/OneDrive/Documents/CSUN/520a/Matrix/Matrix_dc/.Xil/Vivado-40460-GaymingLaptop/realtime/design_1_blk_mem_gen_0_0_stub.v:6]
INFO: [Synth 8-6155] done synthesizing module 'design_1_blk_mem_gen_0_0' (0#1) [C:/Users/djdan/OneDrive/Documents/CSUN/520a/Matrix/Matrix_dc/.Xil/Vivado-40460-GaymingLaptop/realtime/design_1_blk_mem_gen_0_0_stub.v:6]
WARNING: [Synth 8-7071] port 'rsta_busy' of module 'design_1_blk_mem_gen_0_0' is unconnected for instance 'blk_mem_gen_0' [c:/Users/djdan/OneDrive/Documents/CSUN/520a/Matrix/Matrix_dc/Matrix_dc.gen/sources_1/bd/design_1/synth/design_1.v:414]
WARNING: [Synth 8-7071] port 'rstb_busy' of module 'design_1_blk_mem_gen_0_0' is unconnected for instance 'blk_mem_gen_0' [c:/Users/djdan/OneDrive/Documents/CSUN/520a/Matrix/Matrix_dc/Matrix_dc.gen/sources_1/bd/design_1/synth/design_1.v:414]
WARNING: [Synth 8-7023] instance 'blk_mem_gen_0' of module 'design_1_blk_mem_gen_0_0' has 16 connections declared, but only 14 given [c:/Users/djdan/OneDrive/Documents/CSUN/520a/Matrix/Matrix_dc/Matrix_dc.gen/sources_1/bd/design_1/synth/design_1.v:414]
INFO: [Synth 8-6157] synthesizing module 'design_1_blk_mem_gen_0_1' [C:/Users/djdan/OneDrive/Documents/CSUN/520a/Matrix/Matrix_dc/.Xil/Vivado-40460-GaymingLaptop/realtime/design_1_blk_mem_gen_0_1_stub.v:6]
INFO: [Synth 8-6155] done synthesizing module 'design_1_blk_mem_gen_0_1' (0#1) [C:/Users/djdan/OneDrive/Documents/CSUN/520a/Matrix/Matrix_dc/.Xil/Vivado-40460-GaymingLaptop/realtime/design_1_blk_mem_gen_0_1_stub.v:6]
WARNING: [Synth 8-7071] port 'rsta_busy' of module 'design_1_blk_mem_gen_0_1' is unconnected for instance 'blk_mem_gen_1' [c:/Users/djdan/OneDrive/Documents/CSUN/520a/Matrix/Matrix_dc/Matrix_dc.gen/sources_1/bd/design_1/synth/design_1.v:429]
WARNING: [Synth 8-7071] port 'rstb_busy' of module 'design_1_blk_mem_gen_0_1' is unconnected for instance 'blk_mem_gen_1' [c:/Users/djdan/OneDrive/Documents/CSUN/520a/Matrix/Matrix_dc/Matrix_dc.gen/sources_1/bd/design_1/synth/design_1.v:429]
WARNING: [Synth 8-7023] instance 'blk_mem_gen_1' of module 'design_1_blk_mem_gen_0_1' has 16 connections declared, but only 14 given [c:/Users/djdan/OneDrive/Documents/CSUN/520a/Matrix/Matrix_dc/Matrix_dc.gen/sources_1/bd/design_1/synth/design_1.v:429]
INFO: [Synth 8-6157] synthesizing module 'design_1_blk_mem_gen_0_2' [C:/Users/djdan/OneDrive/Documents/CSUN/520a/Matrix/Matrix_dc/.Xil/Vivado-40460-GaymingLaptop/realtime/design_1_blk_mem_gen_0_2_stub.v:6]
INFO: [Synth 8-6155] done synthesizing module 'design_1_blk_mem_gen_0_2' (0#1) [C:/Users/djdan/OneDrive/Documents/CSUN/520a/Matrix/Matrix_dc/.Xil/Vivado-40460-GaymingLaptop/realtime/design_1_blk_mem_gen_0_2_stub.v:6]
WARNING: [Synth 8-7071] port 'rsta_busy' of module 'design_1_blk_mem_gen_0_2' is unconnected for instance 'blk_mem_gen_2' [c:/Users/djdan/OneDrive/Documents/CSUN/520a/Matrix/Matrix_dc/Matrix_dc.gen/sources_1/bd/design_1/synth/design_1.v:444]
WARNING: [Synth 8-7071] port 'rstb_busy' of module 'design_1_blk_mem_gen_0_2' is unconnected for instance 'blk_mem_gen_2' [c:/Users/djdan/OneDrive/Documents/CSUN/520a/Matrix/Matrix_dc/Matrix_dc.gen/sources_1/bd/design_1/synth/design_1.v:444]
WARNING: [Synth 8-7023] instance 'blk_mem_gen_2' of module 'design_1_blk_mem_gen_0_2' has 16 connections declared, but only 14 given [c:/Users/djdan/OneDrive/Documents/CSUN/520a/Matrix/Matrix_dc/Matrix_dc.gen/sources_1/bd/design_1/synth/design_1.v:444]
INFO: [Synth 8-6157] synthesizing module 'design_1_matrix_accel_v1_0_1_0' [C:/Users/djdan/OneDrive/Documents/CSUN/520a/Matrix/Matrix_dc/.Xil/Vivado-40460-GaymingLaptop/realtime/design_1_matrix_accel_v1_0_1_0_stub.v:6]
INFO: [Synth 8-6155] done synthesizing module 'design_1_matrix_accel_v1_0_1_0' (0#1) [C:/Users/djdan/OneDrive/Documents/CSUN/520a/Matrix/Matrix_dc/.Xil/Vivado-40460-GaymingLaptop/realtime/design_1_matrix_accel_v1_0_1_0_stub.v:6]
INFO: [Synth 8-6157] synthesizing module 'design_1_processing_system7_0_0' [C:/Users/djdan/OneDrive/Documents/CSUN/520a/Matrix/Matrix_dc/.Xil/Vivado-40460-GaymingLaptop/realtime/design_1_processing_system7_0_0_stub.v:6]
INFO: [Synth 8-6155] done synthesizing module 'design_1_processing_system7_0_0' (0#1) [C:/Users/djdan/OneDrive/Documents/CSUN/520a/Matrix/Matrix_dc/.Xil/Vivado-40460-GaymingLaptop/realtime/design_1_processing_system7_0_0_stub.v:6]
WARNING: [Synth 8-7071] port 'USB0_PORT_INDCTL' of module 'design_1_processing_system7_0_0' is unconnected for instance 'processing_system7_0' [c:/Users/djdan/OneDrive/Documents/CSUN/520a/Matrix/Matrix_dc/Matrix_dc.gen/sources_1/bd/design_1/synth/design_1.v:514]
WARNING: [Synth 8-7071] port 'USB0_VBUS_PWRSELECT' of module 'design_1_processing_system7_0_0' is unconnected for instance 'processing_system7_0' [c:/Users/djdan/OneDrive/Documents/CSUN/520a/Matrix/Matrix_dc/Matrix_dc.gen/sources_1/bd/design_1/synth/design_1.v:514]
WARNING: [Synth 8-7023] instance 'processing_system7_0' of module 'design_1_processing_system7_0_0' has 66 connections declared, but only 64 given [c:/Users/djdan/OneDrive/Documents/CSUN/520a/Matrix/Matrix_dc/Matrix_dc.gen/sources_1/bd/design_1/synth/design_1.v:514]
INFO: [Synth 8-6157] synthesizing module 'design_1_ps7_0_axi_periph_0' [c:/Users/djdan/OneDrive/Documents/CSUN/520a/Matrix/Matrix_dc/Matrix_dc.gen/sources_1/bd/design_1/synth/design_1.v:770]
INFO: [Synth 8-6157] synthesizing module 'm00_couplers_imp_15SPJYW' [c:/Users/djdan/OneDrive/Documents/CSUN/520a/Matrix/Matrix_dc/Matrix_dc.gen/sources_1/bd/design_1/synth/design_1.v:1983]
INFO: [Synth 8-6157] synthesizing module 'design_1_auto_ds_0' [C:/Users/djdan/OneDrive/Documents/CSUN/520a/Matrix/Matrix_dc/.Xil/Vivado-40460-GaymingLaptop/realtime/design_1_auto_ds_0_stub.v:6]
INFO: [Synth 8-6155] done synthesizing module 'design_1_auto_ds_0' (0#1) [C:/Users/djdan/OneDrive/Documents/CSUN/520a/Matrix/Matrix_dc/.Xil/Vivado-40460-GaymingLaptop/realtime/design_1_auto_ds_0_stub.v:6]
INFO: [Synth 8-6157] synthesizing module 'design_1_auto_pc_0' [C:/Users/djdan/OneDrive/Documents/CSUN/520a/Matrix/Matrix_dc/.Xil/Vivado-40460-GaymingLaptop/realtime/design_1_auto_pc_0_stub.v:6]
INFO: [Synth 8-6155] done synthesizing module 'design_1_auto_pc_0' (0#1) [C:/Users/djdan/OneDrive/Documents/CSUN/520a/Matrix/Matrix_dc/.Xil/Vivado-40460-GaymingLaptop/realtime/design_1_auto_pc_0_stub.v:6]
INFO: [Synth 8-6155] done synthesizing module 'm00_couplers_imp_15SPJYW' (0#1) [c:/Users/djdan/OneDrive/Documents/CSUN/520a/Matrix/Matrix_dc/Matrix_dc.gen/sources_1/bd/design_1/synth/design_1.v:1983]
INFO: [Synth 8-6157] synthesizing module 'm01_couplers_imp_XU9C55' [c:/Users/djdan/OneDrive/Documents/CSUN/520a/Matrix/Matrix_dc/Matrix_dc.gen/sources_1/bd/design_1/synth/design_1.v:2381]
INFO: [Synth 8-6155] done synthesizing module 'm01_couplers_imp_XU9C55' (0#1) [c:/Users/djdan/OneDrive/Documents/CSUN/520a/Matrix/Matrix_dc/Matrix_dc.gen/sources_1/bd/design_1/synth/design_1.v:2381]
INFO: [Synth 8-6157] synthesizing module 'm02_couplers_imp_14WQB4R' [c:/Users/djdan/OneDrive/Documents/CSUN/520a/Matrix/Matrix_dc/Matrix_dc.gen/sources_1/bd/design_1/synth/design_1.v:2611]
INFO: [Synth 8-6155] done synthesizing module 'm02_couplers_imp_14WQB4R' (0#1) [c:/Users/djdan/OneDrive/Documents/CSUN/520a/Matrix/Matrix_dc/Matrix_dc.gen/sources_1/bd/design_1/synth/design_1.v:2611]
INFO: [Synth 8-6157] synthesizing module 'm03_couplers_imp_YFYJ3U' [c:/Users/djdan/OneDrive/Documents/CSUN/520a/Matrix/Matrix_dc/Matrix_dc.gen/sources_1/bd/design_1/synth/design_1.v:2841]
INFO: [Synth 8-6157] synthesizing module 'design_1_auto_ds_1' [C:/Users/djdan/OneDrive/Documents/CSUN/520a/Matrix/Matrix_dc/.Xil/Vivado-40460-GaymingLaptop/realtime/design_1_auto_ds_1_stub.v:6]
INFO: [Synth 8-6155] done synthesizing module 'design_1_auto_ds_1' (0#1) [C:/Users/djdan/OneDrive/Documents/CSUN/520a/Matrix/Matrix_dc/.Xil/Vivado-40460-GaymingLaptop/realtime/design_1_auto_ds_1_stub.v:6]
WARNING: [Synth 8-7071] port 'm_axi_awregion' of module 'design_1_auto_ds_1' is unconnected for instance 'auto_ds' [c:/Users/djdan/OneDrive/Documents/CSUN/520a/Matrix/Matrix_dc/Matrix_dc.gen/sources_1/bd/design_1/synth/design_1.v:3120]
WARNING: [Synth 8-7071] port 'm_axi_awqos' of module 'design_1_auto_ds_1' is unconnected for instance 'auto_ds' [c:/Users/djdan/OneDrive/Documents/CSUN/520a/Matrix/Matrix_dc/Matrix_dc.gen/sources_1/bd/design_1/synth/design_1.v:3120]
WARNING: [Synth 8-7071] port 'm_axi_arregion' of module 'design_1_auto_ds_1' is unconnected for instance 'auto_ds' [c:/Users/djdan/OneDrive/Documents/CSUN/520a/Matrix/Matrix_dc/Matrix_dc.gen/sources_1/bd/design_1/synth/design_1.v:3120]
WARNING: [Synth 8-7071] port 'm_axi_arqos' of module 'design_1_auto_ds_1' is unconnected for instance 'auto_ds' [c:/Users/djdan/OneDrive/Documents/CSUN/520a/Matrix/Matrix_dc/Matrix_dc.gen/sources_1/bd/design_1/synth/design_1.v:3120]
WARNING: [Synth 8-7023] instance 'auto_ds' of module 'design_1_auto_ds_1' has 72 connections declared, but only 68 given [c:/Users/djdan/OneDrive/Documents/CSUN/520a/Matrix/Matrix_dc/Matrix_dc.gen/sources_1/bd/design_1/synth/design_1.v:3120]
INFO: [Synth 8-6155] done synthesizing module 'm03_couplers_imp_YFYJ3U' (0#1) [c:/Users/djdan/OneDrive/Documents/CSUN/520a/Matrix/Matrix_dc/Matrix_dc.gen/sources_1/bd/design_1/synth/design_1.v:2841]
INFO: [Synth 8-6157] synthesizing module 's00_couplers_imp_UYSKKA' [c:/Users/djdan/OneDrive/Documents/CSUN/520a/Matrix/Matrix_dc/Matrix_dc.gen/sources_1/bd/design_1/synth/design_1.v:3191]
INFO: [Synth 8-6157] synthesizing module 'design_1_auto_pc_1' [C:/Users/djdan/OneDrive/Documents/CSUN/520a/Matrix/Matrix_dc/.Xil/Vivado-40460-GaymingLaptop/realtime/design_1_auto_pc_1_stub.v:6]
INFO: [Synth 8-6155] done synthesizing module 'design_1_auto_pc_1' (0#1) [C:/Users/djdan/OneDrive/Documents/CSUN/520a/Matrix/Matrix_dc/.Xil/Vivado-40460-GaymingLaptop/realtime/design_1_auto_pc_1_stub.v:6]
INFO: [Synth 8-6157] synthesizing module 'design_1_auto_us_0' [C:/Users/djdan/OneDrive/Documents/CSUN/520a/Matrix/Matrix_dc/.Xil/Vivado-40460-GaymingLaptop/realtime/design_1_auto_us_0_stub.v:6]
INFO: [Synth 8-6155] done synthesizing module 'design_1_auto_us_0' (0#1) [C:/Users/djdan/OneDrive/Documents/CSUN/520a/Matrix/Matrix_dc/.Xil/Vivado-40460-GaymingLaptop/realtime/design_1_auto_us_0_stub.v:6]
WARNING: [Synth 8-7071] port 'm_axi_awregion' of module 'design_1_auto_us_0' is unconnected for instance 'auto_us' [c:/Users/djdan/OneDrive/Documents/CSUN/520a/Matrix/Matrix_dc/Matrix_dc.gen/sources_1/bd/design_1/synth/design_1.v:3609]
WARNING: [Synth 8-7071] port 'm_axi_arregion' of module 'design_1_auto_us_0' is unconnected for instance 'auto_us' [c:/Users/djdan/OneDrive/Documents/CSUN/520a/Matrix/Matrix_dc/Matrix_dc.gen/sources_1/bd/design_1/synth/design_1.v:3609]
WARNING: [Synth 8-7023] instance 'auto_us' of module 'design_1_auto_us_0' has 76 connections declared, but only 74 given [c:/Users/djdan/OneDrive/Documents/CSUN/520a/Matrix/Matrix_dc/Matrix_dc.gen/sources_1/bd/design_1/synth/design_1.v:3609]
INFO: [Synth 8-6155] done synthesizing module 's00_couplers_imp_UYSKKA' (0#1) [c:/Users/djdan/OneDrive/Documents/CSUN/520a/Matrix/Matrix_dc/Matrix_dc.gen/sources_1/bd/design_1/synth/design_1.v:3191]
INFO: [Synth 8-6157] synthesizing module 'design_1_xbar_0' [C:/Users/djdan/OneDrive/Documents/CSUN/520a/Matrix/Matrix_dc/.Xil/Vivado-40460-GaymingLaptop/realtime/design_1_xbar_0_stub.v:6]
INFO: [Synth 8-6155] done synthesizing module 'design_1_xbar_0' (0#1) [C:/Users/djdan/OneDrive/Documents/CSUN/520a/Matrix/Matrix_dc/.Xil/Vivado-40460-GaymingLaptop/realtime/design_1_xbar_0_stub.v:6]
INFO: [Synth 8-6155] done synthesizing module 'design_1_ps7_0_axi_periph_0' (0#1) [c:/Users/djdan/OneDrive/Documents/CSUN/520a/Matrix/Matrix_dc/Matrix_dc.gen/sources_1/bd/design_1/synth/design_1.v:770]
INFO: [Synth 8-6157] synthesizing module 'design_1_rst_ps7_0_50M_0' [C:/Users/djdan/OneDrive/Documents/CSUN/520a/Matrix/Matrix_dc/.Xil/Vivado-40460-GaymingLaptop/realtime/design_1_rst_ps7_0_50M_0_stub.v:6]
INFO: [Synth 8-6155] done synthesizing module 'design_1_rst_ps7_0_50M_0' (0#1) [C:/Users/djdan/OneDrive/Documents/CSUN/520a/Matrix/Matrix_dc/.Xil/Vivado-40460-GaymingLaptop/realtime/design_1_rst_ps7_0_50M_0_stub.v:6]
WARNING: [Synth 8-7071] port 'mb_reset' of module 'design_1_rst_ps7_0_50M_0' is unconnected for instance 'rst_ps7_0_50M' [c:/Users/djdan/OneDrive/Documents/CSUN/520a/Matrix/Matrix_dc/Matrix_dc.gen/sources_1/bd/design_1/synth/design_1.v:742]
WARNING: [Synth 8-7071] port 'bus_struct_reset' of module 'design_1_rst_ps7_0_50M_0' is unconnected for instance 'rst_ps7_0_50M' [c:/Users/djdan/OneDrive/Documents/CSUN/520a/Matrix/Matrix_dc/Matrix_dc.gen/sources_1/bd/design_1/synth/design_1.v:742]
WARNING: [Synth 8-7071] port 'peripheral_reset' of module 'design_1_rst_ps7_0_50M_0' is unconnected for instance 'rst_ps7_0_50M' [c:/Users/djdan/OneDrive/Documents/CSUN/520a/Matrix/Matrix_dc/Matrix_dc.gen/sources_1/bd/design_1/synth/design_1.v:742]
WARNING: [Synth 8-7071] port 'interconnect_aresetn' of module 'design_1_rst_ps7_0_50M_0' is unconnected for instance 'rst_ps7_0_50M' [c:/Users/djdan/OneDrive/Documents/CSUN/520a/Matrix/Matrix_dc/Matrix_dc.gen/sources_1/bd/design_1/synth/design_1.v:742]
WARNING: [Synth 8-7023] instance 'rst_ps7_0_50M' of module 'design_1_rst_ps7_0_50M_0' has 10 connections declared, but only 6 given [c:/Users/djdan/OneDrive/Documents/CSUN/520a/Matrix/Matrix_dc/Matrix_dc.gen/sources_1/bd/design_1/synth/design_1.v:742]
WARNING: [Synth 8-4446] all outputs are unconnected for this instance and logic may be removed [c:/Users/djdan/OneDrive/Documents/CSUN/520a/Matrix/Matrix_dc/Matrix_dc.gen/sources_1/bd/design_1/synth/design_1.v:749]
INFO: [Synth 8-6157] synthesizing module 'design_1_system_ila_0_0' [C:/Users/djdan/OneDrive/Documents/CSUN/520a/Matrix/Matrix_dc/.Xil/Vivado-40460-GaymingLaptop/realtime/design_1_system_ila_0_0_stub.v:6]
INFO: [Synth 8-6155] done synthesizing module 'design_1_system_ila_0_0' (0#1) [C:/Users/djdan/OneDrive/Documents/CSUN/520a/Matrix/Matrix_dc/.Xil/Vivado-40460-GaymingLaptop/realtime/design_1_system_ila_0_0_stub.v:6]
INFO: [Synth 8-6155] done synthesizing module 'design_1' (0#1) [c:/Users/djdan/OneDrive/Documents/CSUN/520a/Matrix/Matrix_dc/Matrix_dc.gen/sources_1/bd/design_1/synth/design_1.v:13]
INFO: [Synth 8-6155] done synthesizing module 'design_1_wrapper' (0#1) [C:/Users/djdan/OneDrive/Documents/CSUN/520a/Matrix/Matrix_dc/Matrix_dc.gen/sources_1/bd/design_1/hdl/design_1_wrapper.v:13]
WARNING: [Synth 8-7129] Port M_ACLK in module s00_couplers_imp_UYSKKA is either unconnected or has no load
WARNING: [Synth 8-7129] Port M_ARESETN in module s00_couplers_imp_UYSKKA is either unconnected or has no load
WARNING: [Synth 8-7129] Port M_ACLK in module m03_couplers_imp_YFYJ3U is either unconnected or has no load
WARNING: [Synth 8-7129] Port M_ARESETN in module m03_couplers_imp_YFYJ3U is either unconnected or has no load
WARNING: [Synth 8-7129] Port S_AXI_araddr[31] in module m03_couplers_imp_YFYJ3U is either unconnected or has no load
WARNING: [Synth 8-7129] Port S_AXI_araddr[30] in module m03_couplers_imp_YFYJ3U is either unconnected or has no load
WARNING: [Synth 8-7129] Port S_AXI_araddr[29] in module m03_couplers_imp_YFYJ3U is either unconnected or has no load
WARNING: [Synth 8-7129] Port S_AXI_araddr[28] in module m03_couplers_imp_YFYJ3U is either unconnected or has no load
WARNING: [Synth 8-7129] Port S_AXI_araddr[27] in module m03_couplers_imp_YFYJ3U is either unconnected or has no load
WARNING: [Synth 8-7129] Port S_AXI_araddr[26] in module m03_couplers_imp_YFYJ3U is either unconnected or has no load
WARNING: [Synth 8-7129] Port S_AXI_araddr[25] in module m03_couplers_imp_YFYJ3U is either unconnected or has no load
WARNING: [Synth 8-7129] Port S_AXI_araddr[24] in module m03_couplers_imp_YFYJ3U is either unconnected or has no load
WARNING: [Synth 8-7129] Port S_AXI_araddr[23] in module m03_couplers_imp_YFYJ3U is either unconnected or has no load
WARNING: [Synth 8-7129] Port S_AXI_araddr[22] in module m03_couplers_imp_YFYJ3U is either unconnected or has no load
WARNING: [Synth 8-7129] Port S_AXI_araddr[21] in module m03_couplers_imp_YFYJ3U is either unconnected or has no load
WARNING: [Synth 8-7129] Port S_AXI_araddr[20] in module m03_couplers_imp_YFYJ3U is either unconnected or has no load
WARNING: [Synth 8-7129] Port S_AXI_araddr[19] in module m03_couplers_imp_YFYJ3U is either unconnected or has no load
WARNING: [Synth 8-7129] Port S_AXI_araddr[18] in module m03_couplers_imp_YFYJ3U is either unconnected or has no load
WARNING: [Synth 8-7129] Port S_AXI_araddr[17] in module m03_couplers_imp_YFYJ3U is either unconnected or has no load
WARNING: [Synth 8-7129] Port S_AXI_araddr[16] in module m03_couplers_imp_YFYJ3U is either unconnected or has no load
WARNING: [Synth 8-7129] Port S_AXI_araddr[15] in module m03_couplers_imp_YFYJ3U is either unconnected or has no load
WARNING: [Synth 8-7129] Port S_AXI_araddr[14] in module m03_couplers_imp_YFYJ3U is either unconnected or has no load
WARNING: [Synth 8-7129] Port S_AXI_araddr[13] in module m03_couplers_imp_YFYJ3U is either unconnected or has no load
WARNING: [Synth 8-7129] Port S_AXI_awaddr[31] in module m03_couplers_imp_YFYJ3U is either unconnected or has no load
WARNING: [Synth 8-7129] Port S_AXI_awaddr[30] in module m03_couplers_imp_YFYJ3U is either unconnected or has no load
WARNING: [Synth 8-7129] Port S_AXI_awaddr[29] in module m03_couplers_imp_YFYJ3U is either unconnected or has no load
WARNING: [Synth 8-7129] Port S_AXI_awaddr[28] in module m03_couplers_imp_YFYJ3U is either unconnected or has no load
WARNING: [Synth 8-7129] Port S_AXI_awaddr[27] in module m03_couplers_imp_YFYJ3U is either unconnected or has no load
WARNING: [Synth 8-7129] Port S_AXI_awaddr[26] in module m03_couplers_imp_YFYJ3U is either unconnected or has no load
WARNING: [Synth 8-7129] Port S_AXI_awaddr[25] in module m03_couplers_imp_YFYJ3U is either unconnected or has no load
WARNING: [Synth 8-7129] Port S_AXI_awaddr[24] in module m03_couplers_imp_YFYJ3U is either unconnected or has no load
WARNING: [Synth 8-7129] Port S_AXI_awaddr[23] in module m03_couplers_imp_YFYJ3U is either unconnected or has no load
WARNING: [Synth 8-7129] Port S_AXI_awaddr[22] in module m03_couplers_imp_YFYJ3U is either unconnected or has no load
WARNING: [Synth 8-7129] Port S_AXI_awaddr[21] in module m03_couplers_imp_YFYJ3U is either unconnected or has no load
WARNING: [Synth 8-7129] Port S_AXI_awaddr[20] in module m03_couplers_imp_YFYJ3U is either unconnected or has no load
WARNING: [Synth 8-7129] Port S_AXI_awaddr[19] in module m03_couplers_imp_YFYJ3U is either unconnected or has no load
WARNING: [Synth 8-7129] Port S_AXI_awaddr[18] in module m03_couplers_imp_YFYJ3U is either unconnected or has no load
WARNING: [Synth 8-7129] Port S_AXI_awaddr[17] in module m03_couplers_imp_YFYJ3U is either unconnected or has no load
WARNING: [Synth 8-7129] Port S_AXI_awaddr[16] in module m03_couplers_imp_YFYJ3U is either unconnected or has no load
WARNING: [Synth 8-7129] Port S_AXI_awaddr[15] in module m03_couplers_imp_YFYJ3U is either unconnected or has no load
WARNING: [Synth 8-7129] Port S_AXI_awaddr[14] in module m03_couplers_imp_YFYJ3U is either unconnected or has no load
WARNING: [Synth 8-7129] Port S_AXI_awaddr[13] in module m03_couplers_imp_YFYJ3U is either unconnected or has no load
WARNING: [Synth 8-7129] Port M_ACLK in module m02_couplers_imp_14WQB4R is either unconnected or has no load
WARNING: [Synth 8-7129] Port M_ARESETN in module m02_couplers_imp_14WQB4R is either unconnected or has no load
WARNING: [Synth 8-7129] Port S_ACLK in module m02_couplers_imp_14WQB4R is either unconnected or has no load
WARNING: [Synth 8-7129] Port S_ARESETN in module m02_couplers_imp_14WQB4R is either unconnected or has no load
WARNING: [Synth 8-7129] Port M_ACLK in module m01_couplers_imp_XU9C55 is either unconnected or has no load
WARNING: [Synth 8-7129] Port M_ARESETN in module m01_couplers_imp_XU9C55 is either unconnected or has no load
WARNING: [Synth 8-7129] Port S_ACLK in module m01_couplers_imp_XU9C55 is either unconnected or has no load
WARNING: [Synth 8-7129] Port S_ARESETN in module m01_couplers_imp_XU9C55 is either unconnected or has no load
WARNING: [Synth 8-7129] Port M_ACLK in module m00_couplers_imp_15SPJYW is either unconnected or has no load
WARNING: [Synth 8-7129] Port M_ARESETN in module m00_couplers_imp_15SPJYW is either unconnected or has no load
WARNING: [Synth 8-7129] Port M00_ACLK in module design_1_ps7_0_axi_periph_0 is either unconnected or has no load
WARNING: [Synth 8-7129] Port M00_ARESETN in module design_1_ps7_0_axi_periph_0 is either unconnected or has no load
WARNING: [Synth 8-7129] Port M01_ACLK in module design_1_ps7_0_axi_periph_0 is either unconnected or has no load
WARNING: [Synth 8-7129] Port M01_ARESETN in module design_1_ps7_0_axi_periph_0 is either unconnected or has no load
WARNING: [Synth 8-7129] Port M02_ACLK in module design_1_ps7_0_axi_periph_0 is either unconnected or has no load
WARNING: [Synth 8-7129] Port M02_ARESETN in module design_1_ps7_0_axi_periph_0 is either unconnected or has no load
WARNING: [Synth 8-7129] Port M03_ACLK in module design_1_ps7_0_axi_periph_0 is either unconnected or has no load
WARNING: [Synth 8-7129] Port M03_ARESETN in module design_1_ps7_0_axi_periph_0 is either unconnected or has no load
WARNING: [Synth 8-7129] Port S00_ACLK in module design_1_ps7_0_axi_periph_0 is either unconnected or has no load
WARNING: [Synth 8-7129] Port S00_ARESETN in module design_1_ps7_0_axi_periph_0 is either unconnected or has no load
---------------------------------------------------------------------------------
Finished RTL Elaboration : Time (s): cpu = 00:00:06 ; elapsed = 00:00:06 . Memory (MB): peak = 2554.723 ; gain = 509.371
---------------------------------------------------------------------------------
---------------------------------------------------------------------------------
Start Handling Custom Attributes
---------------------------------------------------------------------------------
---------------------------------------------------------------------------------
Finished Handling Custom Attributes : Time (s): cpu = 00:00:06 ; elapsed = 00:00:06 . Memory (MB): peak = 2554.723 ; gain = 509.371
---------------------------------------------------------------------------------
---------------------------------------------------------------------------------
Finished RTL Optimization Phase 1 : Time (s): cpu = 00:00:06 ; elapsed = 00:00:06 . Memory (MB): peak = 2554.723 ; gain = 509.371
---------------------------------------------------------------------------------
INFO: [Project 1-454] Reading design checkpoint 'c:/Users/djdan/OneDrive/Documents/CSUN/520a/Matrix/Matrix_dc/Matrix_dc.gen/sources_1/bd/design_1/ip/design_1_axi_bram_ctrl_0_0/design_1_axi_bram_ctrl_0_0.dcp' for cell 'design_1_i/axi_bram_ctrl_0'
INFO: [Project 1-454] Reading design checkpoint 'c:/Users/djdan/OneDrive/Documents/CSUN/520a/Matrix/Matrix_dc/Matrix_dc.gen/sources_1/bd/design_1/ip/design_1_axi_bram_ctrl_0_1/design_1_axi_bram_ctrl_0_1.dcp' for cell 'design_1_i/axi_bram_ctrl_1'
INFO: [Project 1-454] Reading design checkpoint 'c:/Users/djdan/OneDrive/Documents/CSUN/520a/Matrix/Matrix_dc/Matrix_dc.gen/sources_1/bd/design_1/ip/design_1_axi_bram_ctrl_0_2/design_1_axi_bram_ctrl_0_2.dcp' for cell 'design_1_i/axi_bram_ctrl_2'
INFO: [Project 1-454] Reading design checkpoint 'c:/Users/djdan/OneDrive/Documents/CSUN/520a/Matrix/Matrix_dc/Matrix_dc.gen/sources_1/bd/design_1/ip/design_1_blk_mem_gen_0_0/design_1_blk_mem_gen_0_0.dcp' for cell 'design_1_i/blk_mem_gen_0'
INFO: [Project 1-454] Reading design checkpoint 'c:/Users/djdan/OneDrive/Documents/CSUN/520a/Matrix/Matrix_dc/Matrix_dc.gen/sources_1/bd/design_1/ip/design_1_blk_mem_gen_0_1/design_1_blk_mem_gen_0_1.dcp' for cell 'design_1_i/blk_mem_gen_1'
INFO: [Project 1-454] Reading design checkpoint 'c:/Users/djdan/OneDrive/Documents/CSUN/520a/Matrix/Matrix_dc/Matrix_dc.gen/sources_1/bd/design_1/ip/design_1_blk_mem_gen_0_2/design_1_blk_mem_gen_0_2.dcp' for cell 'design_1_i/blk_mem_gen_2'
INFO: [Project 1-454] Reading design checkpoint 'c:/Users/djdan/OneDrive/Documents/CSUN/520a/Matrix/Matrix_dc/Matrix_dc.gen/sources_1/bd/design_1/ip/design_1_matrix_accel_v1_0_1_0/design_1_matrix_accel_v1_0_1_0.dcp' for cell 'design_1_i/matrix_accel_v1_0_1'
INFO: [Project 1-454] Reading design checkpoint 'c:/Users/djdan/OneDrive/Documents/CSUN/520a/Matrix/Matrix_dc/Matrix_dc.gen/sources_1/bd/design_1/ip/design_1_processing_system7_0_0/design_1_processing_system7_0_0.dcp' for cell 'design_1_i/processing_system7_0'
INFO: [Project 1-454] Reading design checkpoint 'c:/Users/djdan/OneDrive/Documents/CSUN/520a/Matrix/Matrix_dc/Matrix_dc.gen/sources_1/bd/design_1/ip/design_1_rst_ps7_0_50M_0/design_1_rst_ps7_0_50M_0.dcp' for cell 'design_1_i/rst_ps7_0_50M'
INFO: [Project 1-454] Reading design checkpoint 'c:/Users/djdan/OneDrive/Documents/CSUN/520a/Matrix/Matrix_dc/Matrix_dc.gen/sources_1/bd/design_1/ip/design_1_system_ila_0_0/design_1_system_ila_0_0.dcp' for cell 'design_1_i/system_ila_0'
INFO: [Project 1-454] Reading design checkpoint 'c:/Users/djdan/OneDrive/Documents/CSUN/520a/Matrix/Matrix_dc/Matrix_dc.gen/sources_1/bd/design_1/ip/design_1_xbar_0/design_1_xbar_0.dcp' for cell 'design_1_i/ps7_0_axi_periph/xbar'
INFO: [Project 1-454] Reading design checkpoint 'c:/Users/djdan/OneDrive/Documents/CSUN/520a/Matrix/Matrix_dc/Matrix_dc.gen/sources_1/bd/design_1/ip/design_1_auto_ds_0/design_1_auto_ds_0.dcp' for cell 'design_1_i/ps7_0_axi_periph/m00_couplers/auto_ds'
INFO: [Project 1-454] Reading design checkpoint 'c:/Users/djdan/OneDrive/Documents/CSUN/520a/Matrix/Matrix_dc/Matrix_dc.gen/sources_1/bd/design_1/ip/design_1_auto_pc_0/design_1_auto_pc_0.dcp' for cell 'design_1_i/ps7_0_axi_periph/m00_couplers/auto_pc'
INFO: [Project 1-454] Reading design checkpoint 'c:/Users/djdan/OneDrive/Documents/CSUN/520a/Matrix/Matrix_dc/Matrix_dc.gen/sources_1/bd/design_1/ip/design_1_auto_ds_1/design_1_auto_ds_1.dcp' for cell 'design_1_i/ps7_0_axi_periph/m03_couplers/auto_ds'
INFO: [Project 1-454] Reading design checkpoint 'c:/Users/djdan/OneDrive/Documents/CSUN/520a/Matrix/Matrix_dc/Matrix_dc.gen/sources_1/bd/design_1/ip/design_1_auto_pc_1/design_1_auto_pc_1.dcp' for cell 'design_1_i/ps7_0_axi_periph/s00_couplers/auto_pc'
INFO: [Project 1-454] Reading design checkpoint 'c:/Users/djdan/OneDrive/Documents/CSUN/520a/Matrix/Matrix_dc/Matrix_dc.gen/sources_1/bd/design_1/ip/design_1_auto_us_0/design_1_auto_us_0.dcp' for cell 'design_1_i/ps7_0_axi_periph/s00_couplers/auto_us'
Netlist sorting complete. Time (s): cpu = 00:00:00 ; elapsed = 00:00:00.293 . Memory (MB): peak = 2563.035 ; gain = 0.000
INFO: [Netlist 29-17] Analyzing 591 Unisim elements for replacement
INFO: [Netlist 29-28] Unisim Transformation completed in 0 CPU seconds
INFO: [Project 1-479] Netlist was created with Vivado 2023.1
INFO: [Project 1-570] Preparing netlist for logic optimization

Processing XDC Constraints
Initializing timing engine
Parsing XDC File [c:/Users/djdan/OneDrive/Documents/CSUN/520a/Matrix/Matrix_dc/Matrix_dc.gen/sources_1/bd/design_1/ip/design_1_processing_system7_0_0/design_1_processing_system7_0_0.xdc] for cell 'design_1_i/processing_system7_0/inst'
Finished Parsing XDC File [c:/Users/djdan/OneDrive/Documents/CSUN/520a/Matrix/Matrix_dc/Matrix_dc.gen/sources_1/bd/design_1/ip/design_1_processing_system7_0_0/design_1_processing_system7_0_0.xdc] for cell 'design_1_i/processing_system7_0/inst'
INFO: [Project 1-236] Implementation specific constraints were found while reading constraint file [c:/Users/djdan/OneDrive/Documents/CSUN/520a/Matrix/Matrix_dc/Matrix_dc.gen/sources_1/bd/design_1/ip/design_1_processing_system7_0_0/design_1_processing_system7_0_0.xdc]. These constraints will be ignored for synthesis but will be used in implementation. Impacted constraints are listed in the file [.Xil/design_1_wrapper_propImpl.xdc].
Resolution: To avoid this warning, move constraints listed in [.Xil/design_1_wrapper_propImpl.xdc] to another XDC file and exclude this new file from synthesis with the used_in_synthesis property (File Properties dialog in GUI) and re-run elaboration/synthesis.
Parsing XDC File [c:/Users/djdan/OneDrive/Documents/CSUN/520a/Matrix/Matrix_dc/Matrix_dc.gen/sources_1/bd/design_1/ip/design_1_rst_ps7_0_50M_0/design_1_rst_ps7_0_50M_0_board.xdc] for cell 'design_1_i/rst_ps7_0_50M/U0'
Finished Parsing XDC File [c:/Users/djdan/OneDrive/Documents/CSUN/520a/Matrix/Matrix_dc/Matrix_dc.gen/sources_1/bd/design_1/ip/design_1_rst_ps7_0_50M_0/design_1_rst_ps7_0_50M_0_board.xdc] for cell 'design_1_i/rst_ps7_0_50M/U0'
Parsing XDC File [c:/Users/djdan/OneDrive/Documents/CSUN/520a/Matrix/Matrix_dc/Matrix_dc.gen/sources_1/bd/design_1/ip/design_1_rst_ps7_0_50M_0/design_1_rst_ps7_0_50M_0.xdc] for cell 'design_1_i/rst_ps7_0_50M/U0'
Finished Parsing XDC File [c:/Users/djdan/OneDrive/Documents/CSUN/520a/Matrix/Matrix_dc/Matrix_dc.gen/sources_1/bd/design_1/ip/design_1_rst_ps7_0_50M_0/design_1_rst_ps7_0_50M_0.xdc] for cell 'design_1_i/rst_ps7_0_50M/U0'
Parsing XDC File [c:/Users/djdan/OneDrive/Documents/CSUN/520a/Matrix/Matrix_dc/Matrix_dc.gen/sources_1/bd/design_1/ip/design_1_system_ila_0_0/bd_0/ip/ip_0/ila_v6_2/constraints/ila.xdc] for cell 'design_1_i/system_ila_0/inst/ila_lib/inst'
Finished Parsing XDC File [c:/Users/djdan/OneDrive/Documents/CSUN/520a/Matrix/Matrix_dc/Matrix_dc.gen/sources_1/bd/design_1/ip/design_1_system_ila_0_0/bd_0/ip/ip_0/ila_v6_2/constraints/ila.xdc] for cell 'design_1_i/system_ila_0/inst/ila_lib/inst'
INFO: [Project 1-1714] 6 XPM XDC files have been applied to the design.
Completed Processing XDC Constraints

Netlist sorting complete. Time (s): cpu = 00:00:00 ; elapsed = 00:00:00.009 . Memory (MB): peak = 2659.043 ; gain = 0.000
INFO: [Project 1-111] Unisim Transformation Summary:
  A total of 242 instances were transformed.
  CFGLUT5 => CFGLUT5 (SRL16E, SRLC32E): 216 instances
  RAM32M => RAM32M (RAMD32(x6), RAMS32(x2)): 18 instances
  RAM32X1D => RAM32X1D (RAMD32(x2)): 8 instances

RTL Elaboration Complete:  : Time (s): cpu = 00:00:26 ; elapsed = 00:00:19 . Memory (MB): peak = 2784.102 ; gain = 738.750
72 Infos, 88 Warnings, 0 Critical Warnings and 0 Errors encountered.
synth_design completed successfully
synth_design: Time (s): cpu = 00:00:30 ; elapsed = 00:00:30 . Memory (MB): peak = 2784.102 ; gain = 1034.680
create_ip_run [get_files -of_objects [get_fileset sources_1] C:/Users/djdan/OneDrive/Documents/CSUN/520a/Matrix/Matrix_dc/Matrix_dc.srcs/sources_1/bd/design_1/design_1.bd]
synth_design -dataflow -name dfv_1
Command: synth_design -dataflow -name dfv_1
Starting synth_design
Using part: xc7z010clg400-1
Top: design_1_wrapper
Attempting to get a license for feature 'Synthesis' and/or device 'xc7z010'
INFO: [Common 17-349] Got license for feature 'Synthesis' and/or device 'xc7z010'
---------------------------------------------------------------------------------
Starting RTL Elaboration : Time (s): cpu = 00:00:04 ; elapsed = 00:00:04 . Memory (MB): peak = 2906.648 ; gain = 79.262
---------------------------------------------------------------------------------
INFO: [Synth 8-6157] synthesizing module 'design_1_wrapper' [C:/Users/djdan/OneDrive/Documents/CSUN/520a/Matrix/Matrix_dc/Matrix_dc.gen/sources_1/bd/design_1/hdl/design_1_wrapper.v:13]
INFO: [Synth 8-6157] synthesizing module 'design_1' [c:/Users/djdan/OneDrive/Documents/CSUN/520a/Matrix/Matrix_dc/Matrix_dc.gen/sources_1/bd/design_1/synth/design_1.v:13]
INFO: [Synth 8-6157] synthesizing module 'design_1_axi_bram_ctrl_0_0' [C:/Users/djdan/OneDrive/Documents/CSUN/520a/Matrix/Matrix_dc/.Xil/Vivado-40460-GaymingLaptop/realtime/design_1_axi_bram_ctrl_0_0_stub.v:6]
INFO: [Synth 8-6155] done synthesizing module 'design_1_axi_bram_ctrl_0_0' (0#1) [C:/Users/djdan/OneDrive/Documents/CSUN/520a/Matrix/Matrix_dc/.Xil/Vivado-40460-GaymingLaptop/realtime/design_1_axi_bram_ctrl_0_0_stub.v:6]
INFO: [Synth 8-6157] synthesizing module 'design_1_axi_bram_ctrl_0_1' [C:/Users/djdan/OneDrive/Documents/CSUN/520a/Matrix/Matrix_dc/.Xil/Vivado-40460-GaymingLaptop/realtime/design_1_axi_bram_ctrl_0_1_stub.v:6]
INFO: [Synth 8-6155] done synthesizing module 'design_1_axi_bram_ctrl_0_1' (0#1) [C:/Users/djdan/OneDrive/Documents/CSUN/520a/Matrix/Matrix_dc/.Xil/Vivado-40460-GaymingLaptop/realtime/design_1_axi_bram_ctrl_0_1_stub.v:6]
INFO: [Synth 8-6157] synthesizing module 'design_1_axi_bram_ctrl_0_2' [C:/Users/djdan/OneDrive/Documents/CSUN/520a/Matrix/Matrix_dc/.Xil/Vivado-40460-GaymingLaptop/realtime/design_1_axi_bram_ctrl_0_2_stub.v:6]
INFO: [Synth 8-6155] done synthesizing module 'design_1_axi_bram_ctrl_0_2' (0#1) [C:/Users/djdan/OneDrive/Documents/CSUN/520a/Matrix/Matrix_dc/.Xil/Vivado-40460-GaymingLaptop/realtime/design_1_axi_bram_ctrl_0_2_stub.v:6]
INFO: [Synth 8-6157] synthesizing module 'design_1_blk_mem_gen_0_0' [C:/Users/djdan/OneDrive/Documents/CSUN/520a/Matrix/Matrix_dc/.Xil/Vivado-40460-GaymingLaptop/realtime/design_1_blk_mem_gen_0_0_stub.v:6]
INFO: [Synth 8-6155] done synthesizing module 'design_1_blk_mem_gen_0_0' (0#1) [C:/Users/djdan/OneDrive/Documents/CSUN/520a/Matrix/Matrix_dc/.Xil/Vivado-40460-GaymingLaptop/realtime/design_1_blk_mem_gen_0_0_stub.v:6]
WARNING: [Synth 8-7071] port 'rsta_busy' of module 'design_1_blk_mem_gen_0_0' is unconnected for instance 'blk_mem_gen_0' [c:/Users/djdan/OneDrive/Documents/CSUN/520a/Matrix/Matrix_dc/Matrix_dc.gen/sources_1/bd/design_1/synth/design_1.v:414]
WARNING: [Synth 8-7071] port 'rstb_busy' of module 'design_1_blk_mem_gen_0_0' is unconnected for instance 'blk_mem_gen_0' [c:/Users/djdan/OneDrive/Documents/CSUN/520a/Matrix/Matrix_dc/Matrix_dc.gen/sources_1/bd/design_1/synth/design_1.v:414]
WARNING: [Synth 8-7023] instance 'blk_mem_gen_0' of module 'design_1_blk_mem_gen_0_0' has 16 connections declared, but only 14 given [c:/Users/djdan/OneDrive/Documents/CSUN/520a/Matrix/Matrix_dc/Matrix_dc.gen/sources_1/bd/design_1/synth/design_1.v:414]
INFO: [Synth 8-6157] synthesizing module 'design_1_blk_mem_gen_0_1' [C:/Users/djdan/OneDrive/Documents/CSUN/520a/Matrix/Matrix_dc/.Xil/Vivado-40460-GaymingLaptop/realtime/design_1_blk_mem_gen_0_1_stub.v:6]
INFO: [Synth 8-6155] done synthesizing module 'design_1_blk_mem_gen_0_1' (0#1) [C:/Users/djdan/OneDrive/Documents/CSUN/520a/Matrix/Matrix_dc/.Xil/Vivado-40460-GaymingLaptop/realtime/design_1_blk_mem_gen_0_1_stub.v:6]
WARNING: [Synth 8-7071] port 'rsta_busy' of module 'design_1_blk_mem_gen_0_1' is unconnected for instance 'blk_mem_gen_1' [c:/Users/djdan/OneDrive/Documents/CSUN/520a/Matrix/Matrix_dc/Matrix_dc.gen/sources_1/bd/design_1/synth/design_1.v:429]
WARNING: [Synth 8-7071] port 'rstb_busy' of module 'design_1_blk_mem_gen_0_1' is unconnected for instance 'blk_mem_gen_1' [c:/Users/djdan/OneDrive/Documents/CSUN/520a/Matrix/Matrix_dc/Matrix_dc.gen/sources_1/bd/design_1/synth/design_1.v:429]
WARNING: [Synth 8-7023] instance 'blk_mem_gen_1' of module 'design_1_blk_mem_gen_0_1' has 16 connections declared, but only 14 given [c:/Users/djdan/OneDrive/Documents/CSUN/520a/Matrix/Matrix_dc/Matrix_dc.gen/sources_1/bd/design_1/synth/design_1.v:429]
INFO: [Synth 8-6157] synthesizing module 'design_1_blk_mem_gen_0_2' [C:/Users/djdan/OneDrive/Documents/CSUN/520a/Matrix/Matrix_dc/.Xil/Vivado-40460-GaymingLaptop/realtime/design_1_blk_mem_gen_0_2_stub.v:6]
INFO: [Synth 8-6155] done synthesizing module 'design_1_blk_mem_gen_0_2' (0#1) [C:/Users/djdan/OneDrive/Documents/CSUN/520a/Matrix/Matrix_dc/.Xil/Vivado-40460-GaymingLaptop/realtime/design_1_blk_mem_gen_0_2_stub.v:6]
WARNING: [Synth 8-7071] port 'rsta_busy' of module 'design_1_blk_mem_gen_0_2' is unconnected for instance 'blk_mem_gen_2' [c:/Users/djdan/OneDrive/Documents/CSUN/520a/Matrix/Matrix_dc/Matrix_dc.gen/sources_1/bd/design_1/synth/design_1.v:444]
WARNING: [Synth 8-7071] port 'rstb_busy' of module 'design_1_blk_mem_gen_0_2' is unconnected for instance 'blk_mem_gen_2' [c:/Users/djdan/OneDrive/Documents/CSUN/520a/Matrix/Matrix_dc/Matrix_dc.gen/sources_1/bd/design_1/synth/design_1.v:444]
WARNING: [Synth 8-7023] instance 'blk_mem_gen_2' of module 'design_1_blk_mem_gen_0_2' has 16 connections declared, but only 14 given [c:/Users/djdan/OneDrive/Documents/CSUN/520a/Matrix/Matrix_dc/Matrix_dc.gen/sources_1/bd/design_1/synth/design_1.v:444]
INFO: [Synth 8-6157] synthesizing module 'design_1_matrix_accel_v1_0_1_0' [C:/Users/djdan/OneDrive/Documents/CSUN/520a/Matrix/Matrix_dc/.Xil/Vivado-40460-GaymingLaptop/realtime/design_1_matrix_accel_v1_0_1_0_stub.v:6]
INFO: [Synth 8-6155] done synthesizing module 'design_1_matrix_accel_v1_0_1_0' (0#1) [C:/Users/djdan/OneDrive/Documents/CSUN/520a/Matrix/Matrix_dc/.Xil/Vivado-40460-GaymingLaptop/realtime/design_1_matrix_accel_v1_0_1_0_stub.v:6]
INFO: [Synth 8-6157] synthesizing module 'design_1_processing_system7_0_0' [C:/Users/djdan/OneDrive/Documents/CSUN/520a/Matrix/Matrix_dc/.Xil/Vivado-40460-GaymingLaptop/realtime/design_1_processing_system7_0_0_stub.v:6]
INFO: [Synth 8-6155] done synthesizing module 'design_1_processing_system7_0_0' (0#1) [C:/Users/djdan/OneDrive/Documents/CSUN/520a/Matrix/Matrix_dc/.Xil/Vivado-40460-GaymingLaptop/realtime/design_1_processing_system7_0_0_stub.v:6]
WARNING: [Synth 8-7071] port 'USB0_PORT_INDCTL' of module 'design_1_processing_system7_0_0' is unconnected for instance 'processing_system7_0' [c:/Users/djdan/OneDrive/Documents/CSUN/520a/Matrix/Matrix_dc/Matrix_dc.gen/sources_1/bd/design_1/synth/design_1.v:514]
WARNING: [Synth 8-7071] port 'USB0_VBUS_PWRSELECT' of module 'design_1_processing_system7_0_0' is unconnected for instance 'processing_system7_0' [c:/Users/djdan/OneDrive/Documents/CSUN/520a/Matrix/Matrix_dc/Matrix_dc.gen/sources_1/bd/design_1/synth/design_1.v:514]
WARNING: [Synth 8-7023] instance 'processing_system7_0' of module 'design_1_processing_system7_0_0' has 66 connections declared, but only 64 given [c:/Users/djdan/OneDrive/Documents/CSUN/520a/Matrix/Matrix_dc/Matrix_dc.gen/sources_1/bd/design_1/synth/design_1.v:514]
INFO: [Synth 8-6157] synthesizing module 'design_1_ps7_0_axi_periph_0' [c:/Users/djdan/OneDrive/Documents/CSUN/520a/Matrix/Matrix_dc/Matrix_dc.gen/sources_1/bd/design_1/synth/design_1.v:770]
INFO: [Synth 8-6157] synthesizing module 'm00_couplers_imp_15SPJYW' [c:/Users/djdan/OneDrive/Documents/CSUN/520a/Matrix/Matrix_dc/Matrix_dc.gen/sources_1/bd/design_1/synth/design_1.v:1983]
INFO: [Synth 8-6157] synthesizing module 'design_1_auto_ds_0' [C:/Users/djdan/OneDrive/Documents/CSUN/520a/Matrix/Matrix_dc/.Xil/Vivado-40460-GaymingLaptop/realtime/design_1_auto_ds_0_stub.v:6]
INFO: [Synth 8-6155] done synthesizing module 'design_1_auto_ds_0' (0#1) [C:/Users/djdan/OneDrive/Documents/CSUN/520a/Matrix/Matrix_dc/.Xil/Vivado-40460-GaymingLaptop/realtime/design_1_auto_ds_0_stub.v:6]
INFO: [Synth 8-6157] synthesizing module 'design_1_auto_pc_0' [C:/Users/djdan/OneDrive/Documents/CSUN/520a/Matrix/Matrix_dc/.Xil/Vivado-40460-GaymingLaptop/realtime/design_1_auto_pc_0_stub.v:6]
INFO: [Synth 8-6155] done synthesizing module 'design_1_auto_pc_0' (0#1) [C:/Users/djdan/OneDrive/Documents/CSUN/520a/Matrix/Matrix_dc/.Xil/Vivado-40460-GaymingLaptop/realtime/design_1_auto_pc_0_stub.v:6]
INFO: [Synth 8-6155] done synthesizing module 'm00_couplers_imp_15SPJYW' (0#1) [c:/Users/djdan/OneDrive/Documents/CSUN/520a/Matrix/Matrix_dc/Matrix_dc.gen/sources_1/bd/design_1/synth/design_1.v:1983]
INFO: [Synth 8-6157] synthesizing module 'm01_couplers_imp_XU9C55' [c:/Users/djdan/OneDrive/Documents/CSUN/520a/Matrix/Matrix_dc/Matrix_dc.gen/sources_1/bd/design_1/synth/design_1.v:2381]
INFO: [Synth 8-6155] done synthesizing module 'm01_couplers_imp_XU9C55' (0#1) [c:/Users/djdan/OneDrive/Documents/CSUN/520a/Matrix/Matrix_dc/Matrix_dc.gen/sources_1/bd/design_1/synth/design_1.v:2381]
INFO: [Synth 8-6157] synthesizing module 'm02_couplers_imp_14WQB4R' [c:/Users/djdan/OneDrive/Documents/CSUN/520a/Matrix/Matrix_dc/Matrix_dc.gen/sources_1/bd/design_1/synth/design_1.v:2611]
INFO: [Synth 8-6155] done synthesizing module 'm02_couplers_imp_14WQB4R' (0#1) [c:/Users/djdan/OneDrive/Documents/CSUN/520a/Matrix/Matrix_dc/Matrix_dc.gen/sources_1/bd/design_1/synth/design_1.v:2611]
INFO: [Synth 8-6157] synthesizing module 'm03_couplers_imp_YFYJ3U' [c:/Users/djdan/OneDrive/Documents/CSUN/520a/Matrix/Matrix_dc/Matrix_dc.gen/sources_1/bd/design_1/synth/design_1.v:2841]
INFO: [Synth 8-6157] synthesizing module 'design_1_auto_ds_1' [C:/Users/djdan/OneDrive/Documents/CSUN/520a/Matrix/Matrix_dc/.Xil/Vivado-40460-GaymingLaptop/realtime/design_1_auto_ds_1_stub.v:6]
INFO: [Synth 8-6155] done synthesizing module 'design_1_auto_ds_1' (0#1) [C:/Users/djdan/OneDrive/Documents/CSUN/520a/Matrix/Matrix_dc/.Xil/Vivado-40460-GaymingLaptop/realtime/design_1_auto_ds_1_stub.v:6]
WARNING: [Synth 8-7071] port 'm_axi_awregion' of module 'design_1_auto_ds_1' is unconnected for instance 'auto_ds' [c:/Users/djdan/OneDrive/Documents/CSUN/520a/Matrix/Matrix_dc/Matrix_dc.gen/sources_1/bd/design_1/synth/design_1.v:3120]
WARNING: [Synth 8-7071] port 'm_axi_awqos' of module 'design_1_auto_ds_1' is unconnected for instance 'auto_ds' [c:/Users/djdan/OneDrive/Documents/CSUN/520a/Matrix/Matrix_dc/Matrix_dc.gen/sources_1/bd/design_1/synth/design_1.v:3120]
WARNING: [Synth 8-7071] port 'm_axi_arregion' of module 'design_1_auto_ds_1' is unconnected for instance 'auto_ds' [c:/Users/djdan/OneDrive/Documents/CSUN/520a/Matrix/Matrix_dc/Matrix_dc.gen/sources_1/bd/design_1/synth/design_1.v:3120]
WARNING: [Synth 8-7071] port 'm_axi_arqos' of module 'design_1_auto_ds_1' is unconnected for instance 'auto_ds' [c:/Users/djdan/OneDrive/Documents/CSUN/520a/Matrix/Matrix_dc/Matrix_dc.gen/sources_1/bd/design_1/synth/design_1.v:3120]
WARNING: [Synth 8-7023] instance 'auto_ds' of module 'design_1_auto_ds_1' has 72 connections declared, but only 68 given [c:/Users/djdan/OneDrive/Documents/CSUN/520a/Matrix/Matrix_dc/Matrix_dc.gen/sources_1/bd/design_1/synth/design_1.v:3120]
INFO: [Synth 8-6155] done synthesizing module 'm03_couplers_imp_YFYJ3U' (0#1) [c:/Users/djdan/OneDrive/Documents/CSUN/520a/Matrix/Matrix_dc/Matrix_dc.gen/sources_1/bd/design_1/synth/design_1.v:2841]
INFO: [Synth 8-6157] synthesizing module 's00_couplers_imp_UYSKKA' [c:/Users/djdan/OneDrive/Documents/CSUN/520a/Matrix/Matrix_dc/Matrix_dc.gen/sources_1/bd/design_1/synth/design_1.v:3191]
INFO: [Synth 8-6157] synthesizing module 'design_1_auto_pc_1' [C:/Users/djdan/OneDrive/Documents/CSUN/520a/Matrix/Matrix_dc/.Xil/Vivado-40460-GaymingLaptop/realtime/design_1_auto_pc_1_stub.v:6]
INFO: [Synth 8-6155] done synthesizing module 'design_1_auto_pc_1' (0#1) [C:/Users/djdan/OneDrive/Documents/CSUN/520a/Matrix/Matrix_dc/.Xil/Vivado-40460-GaymingLaptop/realtime/design_1_auto_pc_1_stub.v:6]
INFO: [Synth 8-6157] synthesizing module 'design_1_auto_us_0' [C:/Users/djdan/OneDrive/Documents/CSUN/520a/Matrix/Matrix_dc/.Xil/Vivado-40460-GaymingLaptop/realtime/design_1_auto_us_0_stub.v:6]
INFO: [Synth 8-6155] done synthesizing module 'design_1_auto_us_0' (0#1) [C:/Users/djdan/OneDrive/Documents/CSUN/520a/Matrix/Matrix_dc/.Xil/Vivado-40460-GaymingLaptop/realtime/design_1_auto_us_0_stub.v:6]
WARNING: [Synth 8-7071] port 'm_axi_awregion' of module 'design_1_auto_us_0' is unconnected for instance 'auto_us' [c:/Users/djdan/OneDrive/Documents/CSUN/520a/Matrix/Matrix_dc/Matrix_dc.gen/sources_1/bd/design_1/synth/design_1.v:3609]
WARNING: [Synth 8-7071] port 'm_axi_arregion' of module 'design_1_auto_us_0' is unconnected for instance 'auto_us' [c:/Users/djdan/OneDrive/Documents/CSUN/520a/Matrix/Matrix_dc/Matrix_dc.gen/sources_1/bd/design_1/synth/design_1.v:3609]
WARNING: [Synth 8-7023] instance 'auto_us' of module 'design_1_auto_us_0' has 76 connections declared, but only 74 given [c:/Users/djdan/OneDrive/Documents/CSUN/520a/Matrix/Matrix_dc/Matrix_dc.gen/sources_1/bd/design_1/synth/design_1.v:3609]
INFO: [Synth 8-6155] done synthesizing module 's00_couplers_imp_UYSKKA' (0#1) [c:/Users/djdan/OneDrive/Documents/CSUN/520a/Matrix/Matrix_dc/Matrix_dc.gen/sources_1/bd/design_1/synth/design_1.v:3191]
INFO: [Synth 8-6157] synthesizing module 'design_1_xbar_0' [C:/Users/djdan/OneDrive/Documents/CSUN/520a/Matrix/Matrix_dc/.Xil/Vivado-40460-GaymingLaptop/realtime/design_1_xbar_0_stub.v:6]
INFO: [Synth 8-6155] done synthesizing module 'design_1_xbar_0' (0#1) [C:/Users/djdan/OneDrive/Documents/CSUN/520a/Matrix/Matrix_dc/.Xil/Vivado-40460-GaymingLaptop/realtime/design_1_xbar_0_stub.v:6]
INFO: [Synth 8-6155] done synthesizing module 'design_1_ps7_0_axi_periph_0' (0#1) [c:/Users/djdan/OneDrive/Documents/CSUN/520a/Matrix/Matrix_dc/Matrix_dc.gen/sources_1/bd/design_1/synth/design_1.v:770]
INFO: [Synth 8-6157] synthesizing module 'design_1_rst_ps7_0_50M_0' [C:/Users/djdan/OneDrive/Documents/CSUN/520a/Matrix/Matrix_dc/.Xil/Vivado-40460-GaymingLaptop/realtime/design_1_rst_ps7_0_50M_0_stub.v:6]
INFO: [Synth 8-6155] done synthesizing module 'design_1_rst_ps7_0_50M_0' (0#1) [C:/Users/djdan/OneDrive/Documents/CSUN/520a/Matrix/Matrix_dc/.Xil/Vivado-40460-GaymingLaptop/realtime/design_1_rst_ps7_0_50M_0_stub.v:6]
WARNING: [Synth 8-7071] port 'mb_reset' of module 'design_1_rst_ps7_0_50M_0' is unconnected for instance 'rst_ps7_0_50M' [c:/Users/djdan/OneDrive/Documents/CSUN/520a/Matrix/Matrix_dc/Matrix_dc.gen/sources_1/bd/design_1/synth/design_1.v:742]
WARNING: [Synth 8-7071] port 'bus_struct_reset' of module 'design_1_rst_ps7_0_50M_0' is unconnected for instance 'rst_ps7_0_50M' [c:/Users/djdan/OneDrive/Documents/CSUN/520a/Matrix/Matrix_dc/Matrix_dc.gen/sources_1/bd/design_1/synth/design_1.v:742]
WARNING: [Synth 8-7071] port 'peripheral_reset' of module 'design_1_rst_ps7_0_50M_0' is unconnected for instance 'rst_ps7_0_50M' [c:/Users/djdan/OneDrive/Documents/CSUN/520a/Matrix/Matrix_dc/Matrix_dc.gen/sources_1/bd/design_1/synth/design_1.v:742]
WARNING: [Synth 8-7071] port 'interconnect_aresetn' of module 'design_1_rst_ps7_0_50M_0' is unconnected for instance 'rst_ps7_0_50M' [c:/Users/djdan/OneDrive/Documents/CSUN/520a/Matrix/Matrix_dc/Matrix_dc.gen/sources_1/bd/design_1/synth/design_1.v:742]
WARNING: [Synth 8-7023] instance 'rst_ps7_0_50M' of module 'design_1_rst_ps7_0_50M_0' has 10 connections declared, but only 6 given [c:/Users/djdan/OneDrive/Documents/CSUN/520a/Matrix/Matrix_dc/Matrix_dc.gen/sources_1/bd/design_1/synth/design_1.v:742]
WARNING: [Synth 8-4446] all outputs are unconnected for this instance and logic may be removed [c:/Users/djdan/OneDrive/Documents/CSUN/520a/Matrix/Matrix_dc/Matrix_dc.gen/sources_1/bd/design_1/synth/design_1.v:749]
INFO: [Synth 8-6157] synthesizing module 'design_1_system_ila_0_0' [C:/Users/djdan/OneDrive/Documents/CSUN/520a/Matrix/Matrix_dc/.Xil/Vivado-40460-GaymingLaptop/realtime/design_1_system_ila_0_0_stub.v:6]
INFO: [Synth 8-6155] done synthesizing module 'design_1_system_ila_0_0' (0#1) [C:/Users/djdan/OneDrive/Documents/CSUN/520a/Matrix/Matrix_dc/.Xil/Vivado-40460-GaymingLaptop/realtime/design_1_system_ila_0_0_stub.v:6]
INFO: [Synth 8-6155] done synthesizing module 'design_1' (0#1) [c:/Users/djdan/OneDrive/Documents/CSUN/520a/Matrix/Matrix_dc/Matrix_dc.gen/sources_1/bd/design_1/synth/design_1.v:13]

Could not find Selected Down Pin for node 

Could not find Selected Down Pin for node 
INFO: [Synth 8-6155] done synthesizing module 'design_1_wrapper' (0#1) [C:/Users/djdan/OneDrive/Documents/CSUN/520a/Matrix/Matrix_dc/Matrix_dc.gen/sources_1/bd/design_1/hdl/design_1_wrapper.v:13]
WARNING: [Synth 8-3330] design design_1_wrapper has an empty top module
WARNING: [Synth 8-7129] Port DDR_dq[31] in module design_1_wrapper is either unconnected or has no load
WARNING: [Synth 8-7129] Port DDR_dq[30] in module design_1_wrapper is either unconnected or has no load
WARNING: [Synth 8-7129] Port DDR_dq[29] in module design_1_wrapper is either unconnected or has no load
WARNING: [Synth 8-7129] Port DDR_dq[28] in module design_1_wrapper is either unconnected or has no load
WARNING: [Synth 8-7129] Port DDR_dq[27] in module design_1_wrapper is either unconnected or has no load
WARNING: [Synth 8-7129] Port DDR_dq[26] in module design_1_wrapper is either unconnected or has no load
WARNING: [Synth 8-7129] Port DDR_dq[25] in module design_1_wrapper is either unconnected or has no load
WARNING: [Synth 8-7129] Port DDR_dq[24] in module design_1_wrapper is either unconnected or has no load
WARNING: [Synth 8-7129] Port DDR_dq[23] in module design_1_wrapper is either unconnected or has no load
WARNING: [Synth 8-7129] Port DDR_dq[22] in module design_1_wrapper is either unconnected or has no load
WARNING: [Synth 8-7129] Port DDR_dq[21] in module design_1_wrapper is either unconnected or has no load
WARNING: [Synth 8-7129] Port DDR_dq[20] in module design_1_wrapper is either unconnected or has no load
WARNING: [Synth 8-7129] Port DDR_dq[19] in module design_1_wrapper is either unconnected or has no load
WARNING: [Synth 8-7129] Port DDR_dq[18] in module design_1_wrapper is either unconnected or has no load
WARNING: [Synth 8-7129] Port DDR_dq[17] in module design_1_wrapper is either unconnected or has no load
WARNING: [Synth 8-7129] Port DDR_dq[16] in module design_1_wrapper is either unconnected or has no load
WARNING: [Synth 8-7129] Port DDR_dq[15] in module design_1_wrapper is either unconnected or has no load
WARNING: [Synth 8-7129] Port DDR_dq[14] in module design_1_wrapper is either unconnected or has no load
WARNING: [Synth 8-7129] Port DDR_dq[13] in module design_1_wrapper is either unconnected or has no load
WARNING: [Synth 8-7129] Port DDR_dq[12] in module design_1_wrapper is either unconnected or has no load
WARNING: [Synth 8-7129] Port DDR_dq[11] in module design_1_wrapper is either unconnected or has no load
WARNING: [Synth 8-7129] Port DDR_dq[10] in module design_1_wrapper is either unconnected or has no load
WARNING: [Synth 8-7129] Port DDR_dq[9] in module design_1_wrapper is either unconnected or has no load
WARNING: [Synth 8-7129] Port DDR_dq[8] in module design_1_wrapper is either unconnected or has no load
WARNING: [Synth 8-7129] Port DDR_dq[7] in module design_1_wrapper is either unconnected or has no load
WARNING: [Synth 8-7129] Port DDR_dq[6] in module design_1_wrapper is either unconnected or has no load
WARNING: [Synth 8-7129] Port DDR_dq[5] in module design_1_wrapper is either unconnected or has no load
WARNING: [Synth 8-7129] Port DDR_dq[4] in module design_1_wrapper is either unconnected or has no load
WARNING: [Synth 8-7129] Port DDR_dq[3] in module design_1_wrapper is either unconnected or has no load
WARNING: [Synth 8-7129] Port DDR_dq[2] in module design_1_wrapper is either unconnected or has no load
WARNING: [Synth 8-7129] Port DDR_dq[1] in module design_1_wrapper is either unconnected or has no load
WARNING: [Synth 8-7129] Port DDR_dq[0] in module design_1_wrapper is either unconnected or has no load
WARNING: [Synth 8-7129] Port FIXED_IO_mio[53] in module design_1_wrapper is either unconnected or has no load
WARNING: [Synth 8-7129] Port FIXED_IO_mio[52] in module design_1_wrapper is either unconnected or has no load
WARNING: [Synth 8-7129] Port FIXED_IO_mio[51] in module design_1_wrapper is either unconnected or has no load
WARNING: [Synth 8-7129] Port FIXED_IO_mio[50] in module design_1_wrapper is either unconnected or has no load
WARNING: [Synth 8-7129] Port FIXED_IO_mio[49] in module design_1_wrapper is either unconnected or has no load
WARNING: [Synth 8-7129] Port FIXED_IO_mio[48] in module design_1_wrapper is either unconnected or has no load
WARNING: [Synth 8-7129] Port FIXED_IO_mio[47] in module design_1_wrapper is either unconnected or has no load
WARNING: [Synth 8-7129] Port FIXED_IO_mio[46] in module design_1_wrapper is either unconnected or has no load
WARNING: [Synth 8-7129] Port FIXED_IO_mio[45] in module design_1_wrapper is either unconnected or has no load
WARNING: [Synth 8-7129] Port FIXED_IO_mio[44] in module design_1_wrapper is either unconnected or has no load
WARNING: [Synth 8-7129] Port FIXED_IO_mio[43] in module design_1_wrapper is either unconnected or has no load
WARNING: [Synth 8-7129] Port FIXED_IO_mio[42] in module design_1_wrapper is either unconnected or has no load
WARNING: [Synth 8-7129] Port FIXED_IO_mio[41] in module design_1_wrapper is either unconnected or has no load
WARNING: [Synth 8-7129] Port FIXED_IO_mio[40] in module design_1_wrapper is either unconnected or has no load
WARNING: [Synth 8-7129] Port FIXED_IO_mio[39] in module design_1_wrapper is either unconnected or has no load
WARNING: [Synth 8-7129] Port FIXED_IO_mio[38] in module design_1_wrapper is either unconnected or has no load
WARNING: [Synth 8-7129] Port FIXED_IO_mio[37] in module design_1_wrapper is either unconnected or has no load
WARNING: [Synth 8-7129] Port FIXED_IO_mio[36] in module design_1_wrapper is either unconnected or has no load
WARNING: [Synth 8-7129] Port FIXED_IO_mio[35] in module design_1_wrapper is either unconnected or has no load
WARNING: [Synth 8-7129] Port FIXED_IO_mio[34] in module design_1_wrapper is either unconnected or has no load
WARNING: [Synth 8-7129] Port FIXED_IO_mio[33] in module design_1_wrapper is either unconnected or has no load
WARNING: [Synth 8-7129] Port FIXED_IO_mio[32] in module design_1_wrapper is either unconnected or has no load
WARNING: [Synth 8-7129] Port FIXED_IO_mio[31] in module design_1_wrapper is either unconnected or has no load
WARNING: [Synth 8-7129] Port FIXED_IO_mio[30] in module design_1_wrapper is either unconnected or has no load
WARNING: [Synth 8-7129] Port FIXED_IO_mio[29] in module design_1_wrapper is either unconnected or has no load
WARNING: [Synth 8-7129] Port FIXED_IO_mio[28] in module design_1_wrapper is either unconnected or has no load
WARNING: [Synth 8-7129] Port FIXED_IO_mio[27] in module design_1_wrapper is either unconnected or has no load
WARNING: [Synth 8-7129] Port FIXED_IO_mio[26] in module design_1_wrapper is either unconnected or has no load
WARNING: [Synth 8-7129] Port FIXED_IO_mio[25] in module design_1_wrapper is either unconnected or has no load
WARNING: [Synth 8-7129] Port FIXED_IO_mio[24] in module design_1_wrapper is either unconnected or has no load
WARNING: [Synth 8-7129] Port FIXED_IO_mio[23] in module design_1_wrapper is either unconnected or has no load
WARNING: [Synth 8-7129] Port FIXED_IO_mio[22] in module design_1_wrapper is either unconnected or has no load
WARNING: [Synth 8-7129] Port FIXED_IO_mio[21] in module design_1_wrapper is either unconnected or has no load
WARNING: [Synth 8-7129] Port FIXED_IO_mio[20] in module design_1_wrapper is either unconnected or has no load
WARNING: [Synth 8-7129] Port FIXED_IO_mio[19] in module design_1_wrapper is either unconnected or has no load
WARNING: [Synth 8-7129] Port FIXED_IO_mio[18] in module design_1_wrapper is either unconnected or has no load
WARNING: [Synth 8-7129] Port FIXED_IO_mio[17] in module design_1_wrapper is either unconnected or has no load
WARNING: [Synth 8-7129] Port FIXED_IO_mio[16] in module design_1_wrapper is either unconnected or has no load
WARNING: [Synth 8-7129] Port FIXED_IO_mio[15] in module design_1_wrapper is either unconnected or has no load
WARNING: [Synth 8-7129] Port FIXED_IO_mio[14] in module design_1_wrapper is either unconnected or has no load
WARNING: [Synth 8-7129] Port FIXED_IO_mio[13] in module design_1_wrapper is either unconnected or has no load
WARNING: [Synth 8-7129] Port FIXED_IO_mio[12] in module design_1_wrapper is either unconnected or has no load
WARNING: [Synth 8-7129] Port FIXED_IO_mio[11] in module design_1_wrapper is either unconnected or has no load
WARNING: [Synth 8-7129] Port FIXED_IO_mio[10] in module design_1_wrapper is either unconnected or has no load
WARNING: [Synth 8-7129] Port FIXED_IO_mio[9] in module design_1_wrapper is either unconnected or has no load
WARNING: [Synth 8-7129] Port FIXED_IO_mio[8] in module design_1_wrapper is either unconnected or has no load
WARNING: [Synth 8-7129] Port FIXED_IO_mio[7] in module design_1_wrapper is either unconnected or has no load
WARNING: [Synth 8-7129] Port FIXED_IO_mio[6] in module design_1_wrapper is either unconnected or has no load
WARNING: [Synth 8-7129] Port FIXED_IO_mio[5] in module design_1_wrapper is either unconnected or has no load
WARNING: [Synth 8-7129] Port FIXED_IO_mio[4] in module design_1_wrapper is either unconnected or has no load
WARNING: [Synth 8-7129] Port FIXED_IO_mio[3] in module design_1_wrapper is either unconnected or has no load
WARNING: [Synth 8-7129] Port FIXED_IO_mio[2] in module design_1_wrapper is either unconnected or has no load
WARNING: [Synth 8-7129] Port FIXED_IO_mio[1] in module design_1_wrapper is either unconnected or has no load
WARNING: [Synth 8-7129] Port FIXED_IO_mio[0] in module design_1_wrapper is either unconnected or has no load
---------------------------------------------------------------------------------
Finished RTL Elaboration : Time (s): cpu = 00:00:05 ; elapsed = 00:00:05 . Memory (MB): peak = 3004.027 ; gain = 176.641
---------------------------------------------------------------------------------
---------------------------------------------------------------------------------
Start Handling Custom Attributes
---------------------------------------------------------------------------------
---------------------------------------------------------------------------------
Finished Handling Custom Attributes : Time (s): cpu = 00:00:05 ; elapsed = 00:00:05 . Memory (MB): peak = 3004.027 ; gain = 176.641
---------------------------------------------------------------------------------
---------------------------------------------------------------------------------
Finished RTL Optimization Phase 1 : Time (s): cpu = 00:00:05 ; elapsed = 00:00:05 . Memory (MB): peak = 3004.027 ; gain = 176.641
---------------------------------------------------------------------------------
Netlist sorting complete. Time (s): cpu = 00:00:00 ; elapsed = 00:00:00 . Memory (MB): peak = 3004.027 ; gain = 0.000
INFO: [Project 1-570] Preparing netlist for logic optimization
Generating merged BMM file for the design top 'design_1_wrapper'...
WARNING: [Memdata 28-146] Could not find a netlist instance for the specified SCOPED_TO_REF value of: design_1
Netlist sorting complete. Time (s): cpu = 00:00:00 ; elapsed = 00:00:00 . Memory (MB): peak = 3019.699 ; gain = 0.000
INFO: [Project 1-111] Unisim Transformation Summary:
No Unisim elements were transformed.

RTL Elaboration Complete:  : Time (s): cpu = 00:00:09 ; elapsed = 00:00:07 . Memory (MB): peak = 3025.219 ; gain = 197.832
INFO: [Common 17-83] Releasing license: Synthesis
52 Infos, 114 Warnings, 0 Critical Warnings and 0 Errors encountered.
synth_design completed successfully
synth_design: Time (s): cpu = 00:00:09 ; elapsed = 00:00:07 . Memory (MB): peak = 3025.219 ; gain = 197.832
current_design rtl_1
close_design
open_run synth_1 -name synth_1
Design is defaulting to impl run constrset: constrs_1
Design is defaulting to synth run part: xc7z010clg400-1
INFO: [Project 1-454] Reading design checkpoint 'c:/Users/djdan/OneDrive/Documents/CSUN/520a/Matrix/Matrix_dc/Matrix_dc.gen/sources_1/bd/design_1/ip/design_1_axi_bram_ctrl_0_0/design_1_axi_bram_ctrl_0_0.dcp' for cell 'design_1_i/axi_bram_ctrl_0'
INFO: [Project 1-454] Reading design checkpoint 'c:/Users/djdan/OneDrive/Documents/CSUN/520a/Matrix/Matrix_dc/Matrix_dc.gen/sources_1/bd/design_1/ip/design_1_axi_bram_ctrl_0_1/design_1_axi_bram_ctrl_0_1.dcp' for cell 'design_1_i/axi_bram_ctrl_1'
INFO: [Project 1-454] Reading design checkpoint 'c:/Users/djdan/OneDrive/Documents/CSUN/520a/Matrix/Matrix_dc/Matrix_dc.gen/sources_1/bd/design_1/ip/design_1_axi_bram_ctrl_0_2/design_1_axi_bram_ctrl_0_2.dcp' for cell 'design_1_i/axi_bram_ctrl_2'
INFO: [Project 1-454] Reading design checkpoint 'c:/Users/djdan/OneDrive/Documents/CSUN/520a/Matrix/Matrix_dc/Matrix_dc.gen/sources_1/bd/design_1/ip/design_1_blk_mem_gen_0_0/design_1_blk_mem_gen_0_0.dcp' for cell 'design_1_i/blk_mem_gen_0'
INFO: [Project 1-454] Reading design checkpoint 'c:/Users/djdan/OneDrive/Documents/CSUN/520a/Matrix/Matrix_dc/Matrix_dc.gen/sources_1/bd/design_1/ip/design_1_blk_mem_gen_0_1/design_1_blk_mem_gen_0_1.dcp' for cell 'design_1_i/blk_mem_gen_1'
INFO: [Project 1-454] Reading design checkpoint 'c:/Users/djdan/OneDrive/Documents/CSUN/520a/Matrix/Matrix_dc/Matrix_dc.gen/sources_1/bd/design_1/ip/design_1_blk_mem_gen_0_2/design_1_blk_mem_gen_0_2.dcp' for cell 'design_1_i/blk_mem_gen_2'
INFO: [Project 1-454] Reading design checkpoint 'c:/Users/djdan/OneDrive/Documents/CSUN/520a/Matrix/Matrix_dc/Matrix_dc.gen/sources_1/bd/design_1/ip/design_1_matrix_accel_v1_0_1_0/design_1_matrix_accel_v1_0_1_0.dcp' for cell 'design_1_i/matrix_accel_v1_0_1'
INFO: [Project 1-454] Reading design checkpoint 'c:/Users/djdan/OneDrive/Documents/CSUN/520a/Matrix/Matrix_dc/Matrix_dc.gen/sources_1/bd/design_1/ip/design_1_processing_system7_0_0/design_1_processing_system7_0_0.dcp' for cell 'design_1_i/processing_system7_0'
INFO: [Project 1-454] Reading design checkpoint 'c:/Users/djdan/OneDrive/Documents/CSUN/520a/Matrix/Matrix_dc/Matrix_dc.gen/sources_1/bd/design_1/ip/design_1_rst_ps7_0_50M_0/design_1_rst_ps7_0_50M_0.dcp' for cell 'design_1_i/rst_ps7_0_50M'
INFO: [Project 1-454] Reading design checkpoint 'c:/Users/djdan/OneDrive/Documents/CSUN/520a/Matrix/Matrix_dc/Matrix_dc.gen/sources_1/bd/design_1/ip/design_1_system_ila_0_0/design_1_system_ila_0_0.dcp' for cell 'design_1_i/system_ila_0'
INFO: [Project 1-454] Reading design checkpoint 'c:/Users/djdan/OneDrive/Documents/CSUN/520a/Matrix/Matrix_dc/Matrix_dc.gen/sources_1/bd/design_1/ip/design_1_xbar_0/design_1_xbar_0.dcp' for cell 'design_1_i/ps7_0_axi_periph/xbar'
INFO: [Project 1-454] Reading design checkpoint 'c:/Users/djdan/OneDrive/Documents/CSUN/520a/Matrix/Matrix_dc/Matrix_dc.gen/sources_1/bd/design_1/ip/design_1_auto_ds_0/design_1_auto_ds_0.dcp' for cell 'design_1_i/ps7_0_axi_periph/m00_couplers/auto_ds'
INFO: [Project 1-454] Reading design checkpoint 'c:/Users/djdan/OneDrive/Documents/CSUN/520a/Matrix/Matrix_dc/Matrix_dc.gen/sources_1/bd/design_1/ip/design_1_auto_pc_0/design_1_auto_pc_0.dcp' for cell 'design_1_i/ps7_0_axi_periph/m00_couplers/auto_pc'
INFO: [Project 1-454] Reading design checkpoint 'c:/Users/djdan/OneDrive/Documents/CSUN/520a/Matrix/Matrix_dc/Matrix_dc.gen/sources_1/bd/design_1/ip/design_1_auto_ds_1/design_1_auto_ds_1.dcp' for cell 'design_1_i/ps7_0_axi_periph/m03_couplers/auto_ds'
INFO: [Project 1-454] Reading design checkpoint 'c:/Users/djdan/OneDrive/Documents/CSUN/520a/Matrix/Matrix_dc/Matrix_dc.gen/sources_1/bd/design_1/ip/design_1_auto_pc_1/design_1_auto_pc_1.dcp' for cell 'design_1_i/ps7_0_axi_periph/s00_couplers/auto_pc'
INFO: [Project 1-454] Reading design checkpoint 'c:/Users/djdan/OneDrive/Documents/CSUN/520a/Matrix/Matrix_dc/Matrix_dc.gen/sources_1/bd/design_1/ip/design_1_auto_us_0/design_1_auto_us_0.dcp' for cell 'design_1_i/ps7_0_axi_periph/s00_couplers/auto_us'
Netlist sorting complete. Time (s): cpu = 00:00:00 ; elapsed = 00:00:00.244 . Memory (MB): peak = 3058.383 ; gain = 0.000
INFO: [Netlist 29-17] Analyzing 591 Unisim elements for replacement
INFO: [Netlist 29-28] Unisim Transformation completed in 0 CPU seconds
INFO: [Project 1-479] Netlist was created with Vivado 2023.1
INFO: [Project 1-570] Preparing netlist for logic optimization
INFO: [Chipscope 16-324] Core: design_1_i/system_ila_0/inst/ila_lib UUID: cd4c83c8-23a6-596d-99ad-09be1335c6b0 
Parsing XDC File [c:/Users/djdan/OneDrive/Documents/CSUN/520a/Matrix/Matrix_dc/Matrix_dc.gen/sources_1/bd/design_1/ip/design_1_processing_system7_0_0/design_1_processing_system7_0_0.xdc] for cell 'design_1_i/processing_system7_0/inst'
Finished Parsing XDC File [c:/Users/djdan/OneDrive/Documents/CSUN/520a/Matrix/Matrix_dc/Matrix_dc.gen/sources_1/bd/design_1/ip/design_1_processing_system7_0_0/design_1_processing_system7_0_0.xdc] for cell 'design_1_i/processing_system7_0/inst'
Parsing XDC File [c:/Users/djdan/OneDrive/Documents/CSUN/520a/Matrix/Matrix_dc/Matrix_dc.gen/sources_1/bd/design_1/ip/design_1_rst_ps7_0_50M_0/design_1_rst_ps7_0_50M_0_board.xdc] for cell 'design_1_i/rst_ps7_0_50M/U0'
Finished Parsing XDC File [c:/Users/djdan/OneDrive/Documents/CSUN/520a/Matrix/Matrix_dc/Matrix_dc.gen/sources_1/bd/design_1/ip/design_1_rst_ps7_0_50M_0/design_1_rst_ps7_0_50M_0_board.xdc] for cell 'design_1_i/rst_ps7_0_50M/U0'
Parsing XDC File [c:/Users/djdan/OneDrive/Documents/CSUN/520a/Matrix/Matrix_dc/Matrix_dc.gen/sources_1/bd/design_1/ip/design_1_rst_ps7_0_50M_0/design_1_rst_ps7_0_50M_0.xdc] for cell 'design_1_i/rst_ps7_0_50M/U0'
Finished Parsing XDC File [c:/Users/djdan/OneDrive/Documents/CSUN/520a/Matrix/Matrix_dc/Matrix_dc.gen/sources_1/bd/design_1/ip/design_1_rst_ps7_0_50M_0/design_1_rst_ps7_0_50M_0.xdc] for cell 'design_1_i/rst_ps7_0_50M/U0'
Parsing XDC File [c:/Users/djdan/OneDrive/Documents/CSUN/520a/Matrix/Matrix_dc/Matrix_dc.gen/sources_1/bd/design_1/ip/design_1_system_ila_0_0/bd_0/ip/ip_0/ila_v6_2/constraints/ila_impl.xdc] for cell 'design_1_i/system_ila_0/inst/ila_lib/inst'
Finished Parsing XDC File [c:/Users/djdan/OneDrive/Documents/CSUN/520a/Matrix/Matrix_dc/Matrix_dc.gen/sources_1/bd/design_1/ip/design_1_system_ila_0_0/bd_0/ip/ip_0/ila_v6_2/constraints/ila_impl.xdc] for cell 'design_1_i/system_ila_0/inst/ila_lib/inst'
Parsing XDC File [c:/Users/djdan/OneDrive/Documents/CSUN/520a/Matrix/Matrix_dc/Matrix_dc.gen/sources_1/bd/design_1/ip/design_1_system_ila_0_0/bd_0/ip/ip_0/ila_v6_2/constraints/ila.xdc] for cell 'design_1_i/system_ila_0/inst/ila_lib/inst'
Finished Parsing XDC File [c:/Users/djdan/OneDrive/Documents/CSUN/520a/Matrix/Matrix_dc/Matrix_dc.gen/sources_1/bd/design_1/ip/design_1_system_ila_0_0/bd_0/ip/ip_0/ila_v6_2/constraints/ila.xdc] for cell 'design_1_i/system_ila_0/inst/ila_lib/inst'
Parsing XDC File [c:/Users/djdan/OneDrive/Documents/CSUN/520a/Matrix/Matrix_dc/Matrix_dc.gen/sources_1/bd/design_1/ip/design_1_auto_us_0/design_1_auto_us_0_clocks.xdc] for cell 'design_1_i/ps7_0_axi_periph/s00_couplers/auto_us/inst'
Finished Parsing XDC File [c:/Users/djdan/OneDrive/Documents/CSUN/520a/Matrix/Matrix_dc/Matrix_dc.gen/sources_1/bd/design_1/ip/design_1_auto_us_0/design_1_auto_us_0_clocks.xdc] for cell 'design_1_i/ps7_0_axi_periph/s00_couplers/auto_us/inst'
Parsing XDC File [c:/Users/djdan/OneDrive/Documents/CSUN/520a/Matrix/Matrix_dc/Matrix_dc.gen/sources_1/bd/design_1/ip/design_1_auto_ds_0/design_1_auto_ds_0_clocks.xdc] for cell 'design_1_i/ps7_0_axi_periph/m00_couplers/auto_ds/inst'
Finished Parsing XDC File [c:/Users/djdan/OneDrive/Documents/CSUN/520a/Matrix/Matrix_dc/Matrix_dc.gen/sources_1/bd/design_1/ip/design_1_auto_ds_0/design_1_auto_ds_0_clocks.xdc] for cell 'design_1_i/ps7_0_axi_periph/m00_couplers/auto_ds/inst'
Parsing XDC File [c:/Users/djdan/OneDrive/Documents/CSUN/520a/Matrix/Matrix_dc/Matrix_dc.gen/sources_1/bd/design_1/ip/design_1_auto_ds_1/design_1_auto_ds_1_clocks.xdc] for cell 'design_1_i/ps7_0_axi_periph/m03_couplers/auto_ds/inst'
Finished Parsing XDC File [c:/Users/djdan/OneDrive/Documents/CSUN/520a/Matrix/Matrix_dc/Matrix_dc.gen/sources_1/bd/design_1/ip/design_1_auto_ds_1/design_1_auto_ds_1_clocks.xdc] for cell 'design_1_i/ps7_0_axi_periph/m03_couplers/auto_ds/inst'
INFO: [Project 1-1714] 6 XPM XDC files have been applied to the design.
INFO: [Opt 31-138] Pushed 0 inverter(s) to 0 load pin(s).
Generating merged BMM file for the design top 'design_1_wrapper'...
Netlist sorting complete. Time (s): cpu = 00:00:00 ; elapsed = 00:00:00.006 . Memory (MB): peak = 3058.383 ; gain = 0.000
INFO: [Project 1-111] Unisim Transformation Summary:
  A total of 242 instances were transformed.
  CFGLUT5 => CFGLUT5 (SRL16E, SRLC32E): 216 instances
  RAM32M => RAM32M (RAMD32(x6), RAMS32(x2)): 18 instances
  RAM32X1D => RAM32X1D (RAMD32(x2)): 8 instances

open_run: Time (s): cpu = 00:00:12 ; elapsed = 00:00:10 . Memory (MB): peak = 3058.383 ; gain = 0.000
exit
INFO: [Common 17-206] Exiting Vivado at Sat Apr 11 16:40:40 2026...
